<?xml version="1.0" encoding="UTF-8"?>
<testsuite xmlns:xsi="http://www.w3.org/2001/XMLSchema-instance" xsi:noNamespaceSchemaLocation="https://maven.apache.org/surefire/maven-surefire-plugin/xsd/surefire-test-report-3.0.xsd" version="3.0" name="com.api.automation.ParalleRunnerWithExtentReport" time="9.918" tests="1" errors="0" skipped="0" failures="1">
  <properties>
[...]
</properties>
  <testcase name="executeKarateTest" classname="com.api.automation.ParalleRunnerWithExtentReport" time="9.694">
    <failure message="status code was: 404, expected: 200, response time in milliseconds: 7, url: http://localhost:9897/normal/webapi/update, response: &#10;{&quot;message&quot;:&quot;Failed to update Entry [jobId=63, jobTitle=Software Engg - 3, jobDescription=To develop andriod application and Web Application, experience=[Ljava.lang.Object;@2ada1fc6, project=[[projectName=Movie App, technology=[Kotlin, SQL Lite, Gradle, Jenkins]], [projectName=Movie App, technology=[Kotlin, SQL Lite, Gradle, Jenkins]]]]&quot;}&#10;classpath:com/api/automation/putrequest/featurefiles/updateJobEntry.feature:259 ==&gt; expected: &lt;0&gt; but was: &lt;1&gt;" type="org.opentest4j.AssertionFailedError"><![CDATA[org.opentest4j.AssertionFailedError: 
status code was: 404, expected: 200, response time in milliseconds: 7, url: http://localhost:9897/normal/webapi/update, response: 
{"message":"Failed to update Entry [jobId=63, jobTitle=Software Engg - 3, jobDescription=To develop andriod application and Web Application, experience=[Ljava.lang.Object;@2ada1fc6, project=[[projectName=Movie App, technology=[Kotlin, SQL Lite, Gradle, Jenkins]], [projectName=Movie App, technology=[Kotlin, SQL Lite, Gradle, Jenkins]]]]"}
classpath:com/api/automation/putrequest/featurefiles/updateJobEntry.feature:259 ==> expected: <0> but was: <1>
	at org.junit.jupiter.api.AssertionFailureBuilder.build(AssertionFailureBuilder.java:151)
	at org.junit.jupiter.api.AssertionFailureBuilder.buildAndThrow(AssertionFailureBuilder.java:132)
	at org.junit.jupiter.api.AssertEquals.failNotEqual(AssertEquals.java:197)
	at org.junit.jupiter.api.AssertEquals.assertEquals(AssertEquals.java:150)
	at org.junit.jupiter.api.Assertions.assertEquals(Assertions.java:560)
	at com.api.automation.ParalleRunnerWithExtentReport.executeKarateTest(ParalleRunnerWithExtentReport.java:51)
	at java.base/jdk.internal.reflect.DirectMethodHandleAccessor.invoke(DirectMethodHandleAccessor.java:103)
	at java.base/java.lang.reflect.Method.invoke(Method.java:580)
	at org.junit.platform.commons.util.ReflectionUtils.invokeMethod(ReflectionUtils.java:727)
	at org.junit.jupiter.engine.execution.MethodInvocation.proceed(MethodInvocation.java:60)
	at org.junit.jupiter.engine.execution.InvocationInterceptorChain$ValidatingInvocation.proceed(InvocationInterceptorChain.java:131)
	at org.junit.jupiter.engine.extension.TimeoutExtension.intercept(TimeoutExtension.java:156)
	at org.junit.jupiter.engine.extension.TimeoutExtension.interceptTestableMethod(TimeoutExtension.java:147)
	at org.junit.jupiter.engine.extension.TimeoutExtension.interceptTestMethod(TimeoutExtension.java:86)
	at org.junit.jupiter.engine.execution.InterceptingExecutableInvoker$ReflectiveInterceptorCall.lambda$ofVoidMethod$0(InterceptingExecutableInvoker.java:103)
	at org.junit.jupiter.engine.execution.InterceptingExecutableInvoker.lambda$invoke$0(InterceptingExecutableInvoker.java:93)
	at org.junit.jupiter.engine.execution.InvocationInterceptorChain$InterceptedInvocation.proceed(InvocationInterceptorChain.java:106)
	at org.junit.jupiter.engine.execution.InvocationInterceptorChain.proceed(InvocationInterceptorChain.java:64)
	at org.junit.jupiter.engine.execution.InvocationInterceptorChain.chainAndInvoke(InvocationInterceptorChain.java:45)
	at org.junit.jupiter.engine.execution.InvocationInterceptorChain.invoke(InvocationInterceptorChain.java:37)
	at org.junit.jupiter.engine.execution.InterceptingExecutableInvoker.invoke(InterceptingExecutableInvoker.java:92)
	at org.junit.jupiter.engine.execution.InterceptingExecutableInvoker.invoke(InterceptingExecutableInvoker.java:86)
	at org.junit.jupiter.engine.descriptor.TestMethodTestDescriptor.lambda$invokeTestMethod$7(TestMethodTestDescriptor.java:217)
	at org.junit.platform.engine.support.hierarchical.ThrowableCollector.execute(ThrowableCollector.java:73)
	at org.junit.jupiter.engine.descriptor.TestMethodTestDescriptor.invokeTestMethod(TestMethodTestDescriptor.java:213)
	at org.junit.jupiter.engine.descriptor.TestMethodTestDescriptor.execute(TestMethodTestDescriptor.java:138)
	at org.junit.jupiter.engine.descriptor.TestMethodTestDescriptor.execute(TestMethodTestDescriptor.java:68)
	at org.junit.platform.engine.support.hierarchical.NodeTestTask.lambda$executeRecursively$6(NodeTestTask.java:151)
	at org.junit.platform.engine.support.hierarchical.ThrowableCollector.execute(ThrowableCollector.java:73)
	at org.junit.platform.engine.support.hierarchical.NodeTestTask.lambda$executeRecursively$8(NodeTestTask.java:141)
	at org.junit.platform.engine.support.hierarchical.Node.around(Node.java:137)
	at org.junit.platform.engine.support.hierarchical.NodeTestTask.lambda$executeRecursively$9(NodeTestTask.java:139)
	at org.junit.platform.engine.support.hierarchical.ThrowableCollector.execute(ThrowableCollector.java:73)
	at org.junit.platform.engine.support.hierarchical.NodeTestTask.executeRecursively(NodeTestTask.java:138)
	at org.junit.platform.engine.support.hierarchical.NodeTestTask.execute(NodeTestTask.java:95)
	at java.base/java.util.ArrayList.forEach(ArrayList.java:1596)
	at org.junit.platform.engine.support.hierarchical.SameThreadHierarchicalTestExecutorService.invokeAll(SameThreadHierarchicalTestExecutorService.java:41)
	at org.junit.platform.engine.support.hierarchical.NodeTestTask.lambda$executeRecursively$6(NodeTestTask.java:155)
	at org.junit.platform.engine.support.hierarchical.ThrowableCollector.execute(ThrowableCollector.java:73)
	at org.junit.platform.engine.support.hierarchical.NodeTestTask.lambda$executeRecursively$8(NodeTestTask.java:141)
	at org.junit.platform.engine.support.hierarchical.Node.around(Node.java:137)
	at org.junit.platform.engine.support.hierarchical.NodeTestTask.lambda$executeRecursively$9(NodeTestTask.java:139)
	at org.junit.platform.engine.support.hierarchical.ThrowableCollector.execute(ThrowableCollector.java:73)
	at org.junit.platform.engine.support.hierarchical.NodeTestTask.executeRecursively(NodeTestTask.java:138)
	at org.junit.platform.engine.support.hierarchical.NodeTestTask.execute(NodeTestTask.java:95)
	at java.base/java.util.ArrayList.forEach(ArrayList.java:1596)
	at org.junit.platform.engine.support.hierarchical.SameThreadHierarchicalTestExecutorService.invokeAll(SameThreadHierarchicalTestExecutorService.java:41)
	at org.junit.platform.engine.support.hierarchical.NodeTestTask.lambda$executeRecursively$6(NodeTestTask.java:155)
	at org.junit.platform.engine.support.hierarchical.ThrowableCollector.execute(ThrowableCollector.java:73)
	at org.junit.platform.engine.support.hierarchical.NodeTestTask.lambda$executeRecursively$8(NodeTestTask.java:141)
	at org.junit.platform.engine.support.hierarchical.Node.around(Node.java:137)
	at org.junit.platform.engine.support.hierarchical.NodeTestTask.lambda$executeRecursively$9(NodeTestTask.java:139)
	at org.junit.platform.engine.support.hierarchical.ThrowableCollector.execute(ThrowableCollector.java:73)
	at org.junit.platform.engine.support.hierarchical.NodeTestTask.executeRecursively(NodeTestTask.java:138)
	at org.junit.platform.engine.support.hierarchical.NodeTestTask.execute(NodeTestTask.java:95)
	at org.junit.platform.engine.support.hierarchical.SameThreadHierarchicalTestExecutorService.submit(SameThreadHierarchicalTestExecutorService.java:35)
	at org.junit.platform.engine.support.hierarchical.HierarchicalTestExecutor.execute(HierarchicalTestExecutor.java:57)
	at org.junit.platform.engine.support.hierarchical.HierarchicalTestEngine.execute(HierarchicalTestEngine.java:54)
	at org.junit.platform.launcher.core.EngineExecutionOrchestrator.execute(EngineExecutionOrchestrator.java:147)
	at org.junit.platform.launcher.core.EngineExecutionOrchestrator.execute(EngineExecutionOrchestrator.java:127)
	at org.junit.platform.launcher.core.EngineExecutionOrchestrator.execute(EngineExecutionOrchestrator.java:90)
	at org.junit.platform.launcher.core.EngineExecutionOrchestrator.lambda$execute$0(EngineExecutionOrchestrator.java:55)
	at org.junit.platform.launcher.core.EngineExecutionOrchestrator.withInterceptedStreams(EngineExecutionOrchestrator.java:102)
	at org.junit.platform.launcher.core.EngineExecutionOrchestrator.execute(EngineExecutionOrchestrator.java:54)
	at org.junit.platform.launcher.core.DefaultLauncher.execute(DefaultLauncher.java:114)
	at org.junit.platform.launcher.core.DefaultLauncher.execute(DefaultLauncher.java:86)
	at org.junit.platform.launcher.core.DefaultLauncherSession$DelegatingLauncher.execute(DefaultLauncherSession.java:86)
	at org.apache.maven.surefire.junitplatform.LazyLauncher.execute(LazyLauncher.java:50)
	at org.apache.maven.surefire.junitplatform.JUnitPlatformProvider.execute(JUnitPlatformProvider.java:184)
	at org.apache.maven.surefire.junitplatform.JUnitPlatformProvider.invokeAllTests(JUnitPlatformProvider.java:148)
	at org.apache.maven.surefire.junitplatform.JUnitPlatformProvider.invoke(JUnitPlatformProvider.java:122)
	at org.apache.maven.surefire.booter.ForkedBooter.runSuitesInProcess(ForkedBooter.java:385)
	at org.apache.maven.surefire.booter.ForkedBooter.execute(ForkedBooter.java:162)
	at org.apache.maven.surefire.booter.ForkedBooter.run(ForkedBooter.java:507)
	at org.apache.maven.surefire.booter.ForkedBooter.main(ForkedBooter.java:495)
]]></failure>
    <system-out><![CDATA[14:22:06.317 [main] INFO  c.a.a.ParalleRunnerWithExtentReport - === Starting Karate Test Suite (First Run) ===
14:22:06.319 [main] INFO  c.a.a.ParalleRunnerWithExtentReport - Executing suite with 1 thread(s)
14:22:07.662 [main] DEBUG com.intuit.karate.Suite - [config] classpath:karate-config.js
14:22:08.577 [main] INFO  com.intuit.karate - karate.env system property was: null 
14:22:08.646 [main] INFO  com.intuit.karate - [print] http://localhost:9897 
14:22:08.647 [main] INFO  com.intuit.karate - [print] /normal/webapi/all 
14:22:08.648 [main] INFO  com.intuit.karate - [print] get 
14:22:08.648 [main] INFO  com.intuit.karate - [print] 200 
14:22:08.665 [main] INFO  com.intuit.karate - karate.env system property was: null 
14:22:08.674 [main] INFO  com.intuit.karate - [print] http://localhost:9897 
14:22:08.675 [main] INFO  com.intuit.karate - [print] /normal/webapi/add 
14:22:08.675 [main] INFO  com.intuit.karate - [print] post 
14:22:08.676 [main] INFO  com.intuit.karate - [print] 201 
14:22:08.683 [main] INFO  com.intuit.karate - karate.env system property was: null 
14:22:08.686 [main] INFO  com.intuit.karate - [print] http://localhost:9897 
14:22:08.686 [main] INFO  com.intuit.karate - [print] /normal/webapi/add 
14:22:08.688 [main] INFO  com.intuit.karate - [print] put 
14:22:08.689 [main] INFO  com.intuit.karate - [print] 201 
14:22:08.694 [main] INFO  com.intuit.karate - karate.env system property was: null 
14:22:08.948 [main] DEBUG com.intuit.karate - request:
1 > POST http://localhost:9897/normal/webapi/add
1 > Accept: application/json
1 > Content-Type: application/json; charset=UTF-8
1 > Content-Length: 246
1 > Host: localhost:9897
1 > Connection: Keep-Alive
1 > User-Agent: Apache-HttpClient/4.5.14 (Java/21.0.10)
1 > Accept-Encoding: gzip,deflate
{"jobId":"9980","jobTitle":"Software Engg - 2","jobDescription":"To develop andriod application","experience":["Google","Apple","Mobile Iron","Google"],"project":[{"projectName":"Movie App","technology":["Kotlin","SQL Lite","Gradle","Jenkins"]}]}

14:22:09.482 [main] DEBUG com.intuit.karate - response time in milliseconds: 531
1 < 201
1 < X-Content-Type-Options: nosniff
1 < X-XSS-Protection: 1; mode=block
1 < Cache-Control: no-cache, no-store, max-age=0, must-revalidate
1 < Pragma: no-cache
1 < Expires: 0
1 < X-Frame-Options: DENY
1 < Content-Type: application/json
1 < Transfer-Encoding: chunked
1 < Date: Sun, 19 Apr 2026 08:52:09 GMT
1 < Keep-Alive: timeout=60
1 < Connection: keep-alive
{"jobId":9980,"jobTitle":"Software Engg - 2","jobDescription":"To develop andriod application","experience":["Google","Apple","Mobile Iron","Google"],"project":[{"projectName":"Movie App","technology":["Kotlin","SQL Lite","Gradle","Jenkins"]}]}

14:22:09.493 [main] INFO  com.intuit.karate - karate.env system property was: null 
14:22:09.501 [main] DEBUG com.intuit.karate - request:
1 > POST http://localhost:9897/normal/webapi/add
1 > Accept: application/json
1 > Content-Type: application/json; charset=UTF-8
1 > Content-Length: 244
1 > Host: localhost:9897
1 > Connection: Keep-Alive
1 > User-Agent: Apache-HttpClient/4.5.14 (Java/21.0.10)
1 > Accept-Encoding: gzip,deflate
{"jobId":"id","jobTitle":"Software Engg - 2","jobDescription":"To develop andriod application","experience":["Google","Apple","Mobile Iron","Google"],"project":[{"projectName":"Movie App","technology":["Kotlin","SQL Lite","Gradle","Jenkins"]}]}

14:22:09.542 [main] DEBUG com.intuit.karate - response time in milliseconds: 40
1 < 400
1 < X-Content-Type-Options: nosniff
1 < X-XSS-Protection: 1; mode=block
1 < Cache-Control: no-cache, no-store, max-age=0, must-revalidate
1 < Pragma: no-cache
1 < Expires: 0
1 < X-Frame-Options: DENY
1 < Content-Type: application/json
1 < Transfer-Encoding: chunked
1 < Date: Sun, 19 Apr 2026 08:52:09 GMT
1 < Connection: close
{"timestamp":"2026-04-19T08:52:09.516+0000","status":400,"error":"Bad Request","message":"JSON parse error: Cannot deserialize value of type `int` from String \"id\": not a valid Integer value; nested exception is com.fasterxml.jackson.databind.exc.InvalidFormatException: Cannot deserialize value of type `int` from String \"id\": not a valid Integer value\n at [Source: (PushbackInputStream); line: 1, column: 10] (through reference chain: com.lab.jobportal.model.Job[\"jobId\"])","path":"/normal/webapi/add"}

14:22:09.547 [main] INFO  com.intuit.karate - karate.env system property was: null 
14:22:09.551 [main] DEBUG com.intuit.karate - request:
1 > POST http://localhost:9897/normal/webapi/add
1 > Accept: application/json
1 > Content-Type: application/json; charset=UTF-8
1 > Content-Length: 247
1 > Host: localhost:9897
1 > Connection: Keep-Alive
1 > User-Agent: Apache-HttpClient/4.5.14 (Java/21.0.10)
1 > Accept-Encoding: gzip,deflate
{"jobId":"false","jobTitle":"Software Engg - 2","jobDescription":"To develop andriod application","experience":["Google","Apple","Mobile Iron","Google"],"project":[{"projectName":"Movie App","technology":["Kotlin","SQL Lite","Gradle","Jenkins"]}]}

14:22:09.558 [main] DEBUG com.intuit.karate - response time in milliseconds: 6
1 < 400
1 < X-Content-Type-Options: nosniff
1 < X-XSS-Protection: 1; mode=block
1 < Cache-Control: no-cache, no-store, max-age=0, must-revalidate
1 < Pragma: no-cache
1 < Expires: 0
1 < X-Frame-Options: DENY
1 < Content-Type: application/json
1 < Transfer-Encoding: chunked
1 < Date: Sun, 19 Apr 2026 08:52:09 GMT
1 < Connection: close
{"timestamp":"2026-04-19T08:52:09.556+0000","status":400,"error":"Bad Request","message":"JSON parse error: Cannot deserialize value of type `int` from String \"false\": not a valid Integer value; nested exception is com.fasterxml.jackson.databind.exc.InvalidFormatException: Cannot deserialize value of type `int` from String \"false\": not a valid Integer value\n at [Source: (PushbackInputStream); line: 1, column: 10] (through reference chain: com.lab.jobportal.model.Job[\"jobId\"])","path":"/normal/webapi/add"}

14:22:09.571 [main] INFO  com.intuit.karate - karate.env system property was: null 
14:22:09.577 [main] DEBUG com.intuit.karate - request:
1 > POST http://localhost:9897/normal/webapi/add
1 > Accept: application/json
1 > Content-Type: application/json; charset=UTF-8
1 > Content-Length: 246
1 > Host: localhost:9897
1 > Connection: Keep-Alive
1 > User-Agent: Apache-HttpClient/4.5.14 (Java/21.0.10)
1 > Accept-Encoding: gzip,deflate
{"jobId":"9980","jobTitle":"Software Engg - 2","jobDescription":"To develop andriod application","experience":["Google","Apple","Mobile Iron","Google"],"project":[{"projectName":"Movie App","technology":["Kotlin","SQL Lite","Gradle","Jenkins"]}]}

14:22:09.585 [main] DEBUG com.intuit.karate - response time in milliseconds: 7
1 < 201
1 < X-Content-Type-Options: nosniff
1 < X-XSS-Protection: 1; mode=block
1 < Cache-Control: no-cache, no-store, max-age=0, must-revalidate
1 < Pragma: no-cache
1 < Expires: 0
1 < X-Frame-Options: DENY
1 < Content-Type: application/json
1 < Transfer-Encoding: chunked
1 < Date: Sun, 19 Apr 2026 08:52:09 GMT
1 < Keep-Alive: timeout=60
1 < Connection: keep-alive
{"jobId":9980,"jobTitle":"Software Engg - 2","jobDescription":"To develop andriod application","experience":["Google","Apple","Mobile Iron","Google"],"project":[{"projectName":"Movie App","technology":["Kotlin","SQL Lite","Gradle","Jenkins"]}]}

14:22:09.591 [main] INFO  com.intuit.karate - karate.env system property was: null 
14:22:09.595 [main] DEBUG com.intuit.karate - request:
1 > POST http://localhost:9897/normal/webapi/add
1 > Accept: application/json
1 > Content-Type: application/json; charset=UTF-8
1 > Content-Length: 244
1 > Host: localhost:9897
1 > Connection: Keep-Alive
1 > User-Agent: Apache-HttpClient/4.5.14 (Java/21.0.10)
1 > Accept-Encoding: gzip,deflate
{"jobId":"id","jobTitle":"Software Engg - 2","jobDescription":"To develop andriod application","experience":["Google","Apple","Mobile Iron","Google"],"project":[{"projectName":"Movie App","technology":["Kotlin","SQL Lite","Gradle","Jenkins"]}]}

14:22:09.603 [main] DEBUG com.intuit.karate - response time in milliseconds: 8
1 < 400
1 < X-Content-Type-Options: nosniff
1 < X-XSS-Protection: 1; mode=block
1 < Cache-Control: no-cache, no-store, max-age=0, must-revalidate
1 < Pragma: no-cache
1 < Expires: 0
1 < X-Frame-Options: DENY
1 < Content-Type: application/json
1 < Transfer-Encoding: chunked
1 < Date: Sun, 19 Apr 2026 08:52:09 GMT
1 < Connection: close
{"timestamp":"2026-04-19T08:52:09.601+0000","status":400,"error":"Bad Request","message":"JSON parse error: Cannot deserialize value of type `int` from String \"id\": not a valid Integer value; nested exception is com.fasterxml.jackson.databind.exc.InvalidFormatException: Cannot deserialize value of type `int` from String \"id\": not a valid Integer value\n at [Source: (PushbackInputStream); line: 1, column: 10] (through reference chain: com.lab.jobportal.model.Job[\"jobId\"])","path":"/normal/webapi/add"}

14:22:09.609 [main] INFO  com.intuit.karate - karate.env system property was: null 
14:22:09.614 [main] DEBUG com.intuit.karate - request:
1 > POST http://localhost:9897/normal/webapi/add
1 > Accept: application/json
1 > Content-Type: application/json; charset=UTF-8
1 > Content-Length: 247
1 > Host: localhost:9897
1 > Connection: Keep-Alive
1 > User-Agent: Apache-HttpClient/4.5.14 (Java/21.0.10)
1 > Accept-Encoding: gzip,deflate
{"jobId":"FALSE","jobTitle":"Software Engg - 2","jobDescription":"To develop andriod application","experience":["Google","Apple","Mobile Iron","Google"],"project":[{"projectName":"Movie App","technology":["Kotlin","SQL Lite","Gradle","Jenkins"]}]}

14:22:09.622 [main] DEBUG com.intuit.karate - response time in milliseconds: 7
1 < 400
1 < X-Content-Type-Options: nosniff
1 < X-XSS-Protection: 1; mode=block
1 < Cache-Control: no-cache, no-store, max-age=0, must-revalidate
1 < Pragma: no-cache
1 < Expires: 0
1 < X-Frame-Options: DENY
1 < Content-Type: application/json
1 < Transfer-Encoding: chunked
1 < Date: Sun, 19 Apr 2026 08:52:09 GMT
1 < Connection: close
{"timestamp":"2026-04-19T08:52:09.620+0000","status":400,"error":"Bad Request","message":"JSON parse error: Cannot deserialize value of type `int` from String \"FALSE\": not a valid Integer value; nested exception is com.fasterxml.jackson.databind.exc.InvalidFormatException: Cannot deserialize value of type `int` from String \"FALSE\": not a valid Integer value\n at [Source: (PushbackInputStream); line: 1, column: 10] (through reference chain: com.lab.jobportal.model.Job[\"jobId\"])","path":"/normal/webapi/add"}

14:22:09.629 [main] INFO  com.intuit.karate - karate.env system property was: null 
14:22:09.635 [main] DEBUG com.intuit.karate - request:
1 > POST http://localhost:9897/normal/webapi/add
1 > Accept: application/json
1 > Content-Type: application/json; charset=UTF-8
1 > Content-Length: 247
1 > Host: localhost:9897
1 > Connection: Keep-Alive
1 > User-Agent: Apache-HttpClient/4.5.14 (Java/21.0.10)
1 > Accept-Encoding: gzip,deflate
{"jobId":"FALSE","jobTitle":"Software Engg - 2","jobDescription":"To develop andriod application","experience":["Google","Apple","Mobile Iron","Google"],"project":[{"projectName":"Movie App","technology":["Kotlin","SQL Lite","Gradle","Jenkins"]}]}

14:22:09.644 [main] DEBUG com.intuit.karate - response time in milliseconds: 9
1 < 400
1 < X-Content-Type-Options: nosniff
1 < X-XSS-Protection: 1; mode=block
1 < Cache-Control: no-cache, no-store, max-age=0, must-revalidate
1 < Pragma: no-cache
1 < Expires: 0
1 < X-Frame-Options: DENY
1 < Content-Type: application/json
1 < Transfer-Encoding: chunked
1 < Date: Sun, 19 Apr 2026 08:52:09 GMT
1 < Connection: close
{"timestamp":"2026-04-19T08:52:09.641+0000","status":400,"error":"Bad Request","message":"JSON parse error: Cannot deserialize value of type `int` from String \"FALSE\": not a valid Integer value; nested exception is com.fasterxml.jackson.databind.exc.InvalidFormatException: Cannot deserialize value of type `int` from String \"FALSE\": not a valid Integer value\n at [Source: (PushbackInputStream); line: 1, column: 10] (through reference chain: com.lab.jobportal.model.Job[\"jobId\"])","path":"/normal/webapi/add"}

---------------------------------------------------------
feature: classpath:com/api/automation/datadriven/featurefiles/postDataDriven.feature
scenarios: 10 | passed: 10 | failed:  0 | time: 0.9467
---------------------------------------------------------

14:22:10.391 [main] INFO  com.intuit.karate.Suite - <<pass>> feature 1 of 14 (0 remaining) classpath:com/api/automation/datadriven/featurefiles/postDataDriven.feature
14:22:10.403 [main] INFO  com.intuit.karate - karate.env system property was: null 
14:22:10.404 [main] INFO  com.intuit.karate - [print] Testing ==>  {
  "instruction": {
    "jobId": 1,
    "jobTitle": "Software Engg",
    "project": [
      {
        "technology": [
          "Kotlin",
          "SQL Lite",
          "Gradle"
        ],
        "projectName": "Movie App"
      }
    ],
    "jobDescription": "To develop andriod application",
    "experience": [
      "Google",
      "Apple",
      "Mobile Iron"
    ]
  }
}
 
14:22:10.408 [main] INFO  com.intuit.karate - karate.env system property was: null 
14:22:10.410 [main] INFO  com.intuit.karate - [print] Testing ==>  {
  "instruction": {
    "jobId": 2,
    "jobTitle": "Software Engg",
    "project": [
      {
        "technology": [
          "Kotlin",
          "SQL Lite",
          "Gradle"
        ],
        "projectName": "Movie App"
      }
    ],
    "jobDescription": "To develop andriod application",
    "experience": [
      "Google",
      "Apple",
      "Mobile Iron"
    ]
  }
}
 
14:22:10.412 [main] INFO  com.intuit.karate - karate.env system property was: null 
14:22:10.413 [main] INFO  com.intuit.karate - [print] Testing ==>  {
  "instruction": {
    "jobId": 3,
    "jobTitle": "Software Engg",
    "project": [
      {
        "technology": [
          "Kotlin",
          "SQL Lite",
          "Gradle"
        ],
        "projectName": "Movie App"
      }
    ],
    "jobDescription": "To develop andriod application",
    "experience": [
      "Google",
      "Apple",
      "Mobile Iron"
    ]
  }
}
 
---------------------------------------------------------
feature: classpath:com/api/automation/datadriven/featurefiles/postDataDrivenJson.feature
scenarios:  3 | passed:  3 | failed:  0 | time: 0.0025
---------------------------------------------------------

14:22:10.445 [main] INFO  com.intuit.karate.Suite - <<pass>> feature 2 of 14 (0 remaining) classpath:com/api/automation/datadriven/featurefiles/postDataDrivenJson.feature
14:22:10.449 [main] INFO  com.intuit.karate - karate.env system property was: null 
14:22:10.524 [main] DEBUG com.intuit.karate - request:
1 > POST http://localhost:9897/normal/webapi/upload
1 > Content-Type: multipart/form-data; boundary=7c2d42f2b51ab00
1 > Content-Length: 184
1 > Host: localhost:9897
1 > Connection: Keep-Alive
1 > User-Agent: Apache-HttpClient/4.5.14 (Java/21.0.10)
1 > Accept-Encoding: gzip,deflate

Mixed: content-disposition: form-data; name="file"; filename="fileupload.txt"
content-type: text/plain; charset=UTF-8
content-length: 8
Completed: true
IsInMemory: true


14:22:10.582 [main] DEBUG com.intuit.karate - response time in milliseconds: 58
1 < 200
1 < X-Content-Type-Options: nosniff
1 < X-XSS-Protection: 1; mode=block
1 < Cache-Control: no-cache, no-store, max-age=0, must-revalidate
1 < Pragma: no-cache
1 < Expires: 0
1 < X-Frame-Options: DENY
1 < Content-Type: application/json
1 < Transfer-Encoding: chunked
1 < Date: Sun, 19 Apr 2026 08:52:10 GMT
1 < Keep-Alive: timeout=60
1 < Connection: keep-alive
{"message":"File fileupload.txt uploaded at C:\\Users\\sawan\\AppData\\Local\\Temp\\\\"}

14:22:10.585 [main] INFO  com.intuit.karate - [print] {
  "message": "File fileupload.txt uploaded at C:\\Users\\sawan\\AppData\\Local\\Temp\\\\"
}
 
14:22:10.588 [main] INFO  com.intuit.karate - karate.env system property was: null 
14:22:10.596 [main] DEBUG com.intuit.karate - request:
1 > POST http://localhost:9897/normal/webapi/upload
1 > Content-Type: multipart/form-data; boundary=986d48851a26e43a
1 > Content-Length: 519
1 > Host: localhost:9897
1 > Connection: Keep-Alive
1 > User-Agent: Apache-HttpClient/4.5.14 (Java/21.0.10)
1 > Accept-Encoding: gzip,deflate

Mixed: content-disposition: form-data; name="file"; filename="jobEntry.json"
content-type: application/json; charset=UTF-8
content-length: 334
Completed: true
IsInMemory: true


14:22:10.620 [main] DEBUG com.intuit.karate - response time in milliseconds: 22
1 < 200
1 < X-Content-Type-Options: nosniff
1 < X-XSS-Protection: 1; mode=block
1 < Cache-Control: no-cache, no-store, max-age=0, must-revalidate
1 < Pragma: no-cache
1 < Expires: 0
1 < X-Frame-Options: DENY
1 < Content-Type: application/json
1 < Transfer-Encoding: chunked
1 < Date: Sun, 19 Apr 2026 08:52:10 GMT
1 < Keep-Alive: timeout=60
1 < Connection: keep-alive
{"message":"File jobEntry.json uploaded at C:\\Users\\sawan\\AppData\\Local\\Temp\\\\"}

14:22:10.622 [main] INFO  com.intuit.karate - [print] {
  "message": "File jobEntry.json uploaded at C:\\Users\\sawan\\AppData\\Local\\Temp\\\\"
}
 
---------------------------------------------------------
feature: classpath:com/api/automation/fileupload/featurefiles/fileUpload.feature
scenarios:  2 | passed:  2 | failed:  0 | time: 0.1965
---------------------------------------------------------

14:22:10.766 [main] INFO  com.intuit.karate.Suite - <<pass>> feature 3 of 14 (0 remaining) classpath:com/api/automation/fileupload/featurefiles/fileUpload.feature
14:22:10.770 [main] INFO  com.intuit.karate - karate.env system property was: null 
14:22:10.772 [main] DEBUG com.intuit.karate - request:
1 > GET http://localhost:9897/normal/webapi/all
1 > Host: localhost:9897
1 > Connection: Keep-Alive
1 > User-Agent: Apache-HttpClient/4.5.14 (Java/21.0.10)
1 > Accept-Encoding: gzip,deflate


14:22:10.777 [main] DEBUG com.intuit.karate - response time in milliseconds: 5
1 < 200
1 < X-Content-Type-Options: nosniff
1 < X-XSS-Protection: 1; mode=block
1 < Cache-Control: no-cache, no-store, max-age=0, must-revalidate
1 < Pragma: no-cache
1 < Expires: 0
1 < X-Frame-Options: DENY
1 < Content-Type: application/json
1 < Transfer-Encoding: chunked
1 < Date: Sun, 19 Apr 2026 08:52:10 GMT
1 < Keep-Alive: timeout=60
1 < Connection: keep-alive
[{"jobId":1,"jobTitle":"Software Engg","jobDescription":"To develop andriod application","experience":["Google","Apple","Mobile Iron"],"project":[{"projectName":"Movie App","technology":["Kotlin","SQL Lite","Gradle"]}]},{"jobId":9980,"jobTitle":"Software Engg - 2","jobDescription":"To develop andriod application","experience":["Google","Apple","Mobile Iron","Google"],"project":[{"projectName":"Movie App","technology":["Kotlin","SQL Lite","Gradle","Jenkins"]}]},{"jobId":9980,"jobTitle":"Software Engg - 2","jobDescription":"To develop andriod application","experience":["Google","Apple","Mobile Iron","Google"],"project":[{"projectName":"Movie App","technology":["Kotlin","SQL Lite","Gradle","Jenkins"]}]}]

14:22:10.781 [main] INFO  com.intuit.karate - karate.env system property was: null 
14:22:10.783 [main] DEBUG com.intuit.karate - request:
1 > GET http://localhost:9897/normal/webapi/all
1 > Accept: application/xml
1 > Host: localhost:9897
1 > Connection: Keep-Alive
1 > User-Agent: Apache-HttpClient/4.5.14 (Java/21.0.10)
1 > Accept-Encoding: gzip,deflate


14:22:11.004 [main] DEBUG com.intuit.karate - response time in milliseconds: 220
1 < 200
1 < X-Content-Type-Options: nosniff
1 < X-XSS-Protection: 1; mode=block
1 < Cache-Control: no-cache, no-store, max-age=0, must-revalidate
1 < Pragma: no-cache
1 < Expires: 0
1 < X-Frame-Options: DENY
1 < Content-Type: application/xml
1 < Transfer-Encoding: chunked
1 < Date: Sun, 19 Apr 2026 08:52:10 GMT
1 < Keep-Alive: timeout=60
1 < Connection: keep-alive
<List><item><jobId>1</jobId><jobTitle>Software Engg</jobTitle><jobDescription>To develop andriod application</jobDescription><experience><experience>Google</experience><experience>Apple</experience><experience>Mobile Iron</experience></experience><project><project><projectName>Movie App</projectName><technology><technology>Kotlin</technology><technology>SQL Lite</technology><technology>Gradle</technology></technology></project></project></item><item><jobId>9980</jobId><jobTitle>Software Engg - 2</jobTitle><jobDescription>To develop andriod application</jobDescription><experience><experience>Google</experience><experience>Apple</experience><experience>Mobile Iron</experience><experience>Google</experience></experience><project><project><projectName>Movie App</projectName><technology><technology>Kotlin</technology><technology>SQL Lite</technology><technology>Gradle</technology><technology>Jenkins</technology></technology></project></project></item><item><jobId>9980</jobId><jobTitle>Software Engg - 2</jobTitle><jobDescription>To develop andriod application</jobDescription><experience><experience>Google</experience><experience>Apple</experience><experience>Mobile Iron</experience><experience>Google</experience></experience><project><project><projectName>Movie App</projectName><technology><technology>Kotlin</technology><technology>SQL Lite</technology><technology>Gradle</technology><technology>Jenkins</technology></technology></project></project></item></List>

---------------------------------------------------------
feature: classpath:com/api/automation/getRequest/featurefiles/getRequest.feature
scenarios:  2 | passed:  2 | failed:  0 | time: 0.2478
---------------------------------------------------------

14:22:11.058 [main] INFO  com.intuit.karate.Suite - <<pass>> feature 4 of 14 (0 remaining) classpath:com/api/automation/getRequest/featurefiles/getRequest.feature
14:22:11.062 [main] INFO  com.intuit.karate - karate.env system property was: null 
14:22:11.065 [main] DEBUG com.intuit.karate - request:
1 > GET http://localhost:9897/normal/webapi/all
1 > Accept: application/json
1 > Host: localhost:9897
1 > Connection: Keep-Alive
1 > User-Agent: Apache-HttpClient/4.5.14 (Java/21.0.10)
1 > Accept-Encoding: gzip,deflate


14:22:11.071 [main] DEBUG com.intuit.karate - response time in milliseconds: 6
1 < 200
1 < X-Content-Type-Options: nosniff
1 < X-XSS-Protection: 1; mode=block
1 < Cache-Control: no-cache, no-store, max-age=0, must-revalidate
1 < Pragma: no-cache
1 < Expires: 0
1 < X-Frame-Options: DENY
1 < Content-Type: application/json
1 < Transfer-Encoding: chunked
1 < Date: Sun, 19 Apr 2026 08:52:10 GMT
1 < Keep-Alive: timeout=60
1 < Connection: keep-alive
[{"jobId":1,"jobTitle":"Software Engg","jobDescription":"To develop andriod application","experience":["Google","Apple","Mobile Iron"],"project":[{"projectName":"Movie App","technology":["Kotlin","SQL Lite","Gradle"]}]},{"jobId":9980,"jobTitle":"Software Engg - 2","jobDescription":"To develop andriod application","experience":["Google","Apple","Mobile Iron","Google"],"project":[{"projectName":"Movie App","technology":["Kotlin","SQL Lite","Gradle","Jenkins"]}]},{"jobId":9980,"jobTitle":"Software Engg - 2","jobDescription":"To develop andriod application","experience":["Google","Apple","Mobile Iron","Google"],"project":[{"projectName":"Movie App","technology":["Kotlin","SQL Lite","Gradle","Jenkins"]}]}]

14:22:11.073 [main] INFO  com.intuit.karate - [print] [
  {
    "jobId": 1,
    "jobTitle": "Software Engg",
    "jobDescription": "To develop andriod application",
    "experience": [
      "Google",
      "Apple",
      "Mobile Iron"
    ],
    "project": [
      {
        "projectName": "Movie App",
        "technology": [
          "Kotlin",
          "SQL Lite",
          "Gradle"
        ]
      }
    ]
  },
  {
    "jobId": 9980,
    "jobTitle": "Software Engg - 2",
    "jobDescription": "To develop andriod application",
    "experience": [
      "Google",
      "Apple",
      "Mobile Iron",
      "Google"
    ],
    "project": [
      {
        "projectName": "Movie App",
        "technology": [
          "Kotlin",
          "SQL Lite",
          "Gradle",
          "Jenkins"
        ]
      }
    ]
  },
  {
    "jobId": 9980,
    "jobTitle": "Software Engg - 2",
    "jobDescription": "To develop andriod application",
    "experience": [
      "Google",
      "Apple",
      "Mobile Iron",
      "Google"
    ],
    "project": [
      {
        "projectName": "Movie App",
        "technology": [
          "Kotlin",
          "SQL Lite",
          "Gradle",
          "Jenkins"
        ]
      }
    ]
  }
]
 
14:22:11.079 [main] INFO  com.intuit.karate - karate.env system property was: null 
14:22:11.081 [main] DEBUG com.intuit.karate - request:
1 > GET http://localhost:9897/normal/webapi/all
1 > Accept: application/xml
1 > Host: localhost:9897
1 > Connection: Keep-Alive
1 > User-Agent: Apache-HttpClient/4.5.14 (Java/21.0.10)
1 > Accept-Encoding: gzip,deflate


14:22:11.086 [main] DEBUG com.intuit.karate - response time in milliseconds: 5
1 < 200
1 < X-Content-Type-Options: nosniff
1 < X-XSS-Protection: 1; mode=block
1 < Cache-Control: no-cache, no-store, max-age=0, must-revalidate
1 < Pragma: no-cache
1 < Expires: 0
1 < X-Frame-Options: DENY
1 < Content-Type: application/xml
1 < Transfer-Encoding: chunked
1 < Date: Sun, 19 Apr 2026 08:52:10 GMT
1 < Keep-Alive: timeout=60
1 < Connection: keep-alive
<List><item><jobId>1</jobId><jobTitle>Software Engg</jobTitle><jobDescription>To develop andriod application</jobDescription><experience><experience>Google</experience><experience>Apple</experience><experience>Mobile Iron</experience></experience><project><project><projectName>Movie App</projectName><technology><technology>Kotlin</technology><technology>SQL Lite</technology><technology>Gradle</technology></technology></project></project></item><item><jobId>9980</jobId><jobTitle>Software Engg - 2</jobTitle><jobDescription>To develop andriod application</jobDescription><experience><experience>Google</experience><experience>Apple</experience><experience>Mobile Iron</experience><experience>Google</experience></experience><project><project><projectName>Movie App</projectName><technology><technology>Kotlin</technology><technology>SQL Lite</technology><technology>Gradle</technology><technology>Jenkins</technology></technology></project></project></item><item><jobId>9980</jobId><jobTitle>Software Engg - 2</jobTitle><jobDescription>To develop andriod application</jobDescription><experience><experience>Google</experience><experience>Apple</experience><experience>Mobile Iron</experience><experience>Google</experience></experience><project><project><projectName>Movie App</projectName><technology><technology>Kotlin</technology><technology>SQL Lite</technology><technology>Gradle</technology><technology>Jenkins</technology></technology></project></project></item></List>

14:22:11.089 [main] INFO  com.intuit.karate - [print] <List>
  <item>
    <jobId>1</jobId>
    <jobTitle>Software Engg</jobTitle>
    <jobDescription>To develop andriod application</jobDescription>
    <experience>
      <experience>Google</experience>
      <experience>Apple</experience>
      <experience>Mobile Iron</experience>
    </experience>
    <project>
      <project>
        <projectName>Movie App</projectName>
        <technology>
          <technology>Kotlin</technology>
          <technology>SQL Lite</technology>
          <technology>Gradle</technology>
        </technology>
      </project>
    </project>
  </item>
  <item>
    <jobId>9980</jobId>
    <jobTitle>Software Engg - 2</jobTitle>
    <jobDescription>To develop andriod application</jobDescription>
    <experience>
      <experience>Google</experience>
      <experience>Apple</experience>
      <experience>Mobile Iron</experience>
      <experience>Google</experience>
    </experience>
    <project>
      <project>
        <projectName>Movie App</projectName>
        <technology>
          <technology>Kotlin</technology>
          <technology>SQL Lite</technology>
          <technology>Gradle</technology>
          <technology>Jenkins</technology>
        </technology>
      </project>
    </project>
  </item>
  <item>
    <jobId>9980</jobId>
    <jobTitle>Software Engg - 2</jobTitle>
    <jobDescription>To develop andriod application</jobDescription>
    <experience>
      <experience>Google</experience>
      <experience>Apple</experience>
      <experience>Mobile Iron</experience>
      <experience>Google</experience>
    </experience>
    <project>
      <project>
        <projectName>Movie App</projectName>
        <technology>
          <technology>Kotlin</technology>
          <technology>SQL Lite</technology>
          <technology>Gradle</technology>
          <technology>Jenkins</technology>
        </technology>
      </project>
    </project>
  </item>
</List>
 
14:22:11.154 [main] INFO  com.intuit.karate - karate.env system property was: null 
14:22:11.156 [main] DEBUG com.intuit.karate - request:
1 > GET http://localhost:9897/normal/webapi/all
1 > Accept: application/json
1 > Host: localhost:9897
1 > Connection: Keep-Alive
1 > User-Agent: Apache-HttpClient/4.5.14 (Java/21.0.10)
1 > Accept-Encoding: gzip,deflate


14:22:11.161 [main] DEBUG com.intuit.karate - response time in milliseconds: 4
1 < 200
1 < X-Content-Type-Options: nosniff
1 < X-XSS-Protection: 1; mode=block
1 < Cache-Control: no-cache, no-store, max-age=0, must-revalidate
1 < Pragma: no-cache
1 < Expires: 0
1 < X-Frame-Options: DENY
1 < Content-Type: application/json
1 < Transfer-Encoding: chunked
1 < Date: Sun, 19 Apr 2026 08:52:10 GMT
1 < Keep-Alive: timeout=60
1 < Connection: keep-alive
[{"jobId":1,"jobTitle":"Software Engg","jobDescription":"To develop andriod application","experience":["Google","Apple","Mobile Iron"],"project":[{"projectName":"Movie App","technology":["Kotlin","SQL Lite","Gradle"]}]},{"jobId":9980,"jobTitle":"Software Engg - 2","jobDescription":"To develop andriod application","experience":["Google","Apple","Mobile Iron","Google"],"project":[{"projectName":"Movie App","technology":["Kotlin","SQL Lite","Gradle","Jenkins"]}]},{"jobId":9980,"jobTitle":"Software Engg - 2","jobDescription":"To develop andriod application","experience":["Google","Apple","Mobile Iron","Google"],"project":[{"projectName":"Movie App","technology":["Kotlin","SQL Lite","Gradle","Jenkins"]}]}]

14:22:11.161 [main] INFO  com.intuit.karate - [print] [
  {
    "jobId": 1,
    "jobTitle": "Software Engg",
    "jobDescription": "To develop andriod application",
    "experience": [
      "Google",
      "Apple",
      "Mobile Iron"
    ],
    "project": [
      {
        "projectName": "Movie App",
        "technology": [
          "Kotlin",
          "SQL Lite",
          "Gradle"
        ]
      }
    ]
  },
  {
    "jobId": 9980,
    "jobTitle": "Software Engg - 2",
    "jobDescription": "To develop andriod application",
    "experience": [
      "Google",
      "Apple",
      "Mobile Iron",
      "Google"
    ],
    "project": [
      {
        "projectName": "Movie App",
        "technology": [
          "Kotlin",
          "SQL Lite",
          "Gradle",
          "Jenkins"
        ]
      }
    ]
  },
  {
    "jobId": 9980,
    "jobTitle": "Software Engg - 2",
    "jobDescription": "To develop andriod application",
    "experience": [
      "Google",
      "Apple",
      "Mobile Iron",
      "Google"
    ],
    "project": [
      {
        "projectName": "Movie App",
        "technology": [
          "Kotlin",
          "SQL Lite",
          "Gradle",
          "Jenkins"
        ]
      }
    ]
  }
]
 
14:22:11.168 [main] INFO  com.intuit.karate - karate.env system property was: null 
14:22:11.170 [main] DEBUG com.intuit.karate - request:
1 > GET http://localhost:9897/normal/webapi/all
1 > Accept: application/json
1 > Host: localhost:9897
1 > Connection: Keep-Alive
1 > User-Agent: Apache-HttpClient/4.5.14 (Java/21.0.10)
1 > Accept-Encoding: gzip,deflate


14:22:11.175 [main] DEBUG com.intuit.karate - response time in milliseconds: 4
1 < 200
1 < X-Content-Type-Options: nosniff
1 < X-XSS-Protection: 1; mode=block
1 < Cache-Control: no-cache, no-store, max-age=0, must-revalidate
1 < Pragma: no-cache
1 < Expires: 0
1 < X-Frame-Options: DENY
1 < Content-Type: application/json
1 < Transfer-Encoding: chunked
1 < Date: Sun, 19 Apr 2026 08:52:10 GMT
1 < Keep-Alive: timeout=60
1 < Connection: keep-alive
[{"jobId":1,"jobTitle":"Software Engg","jobDescription":"To develop andriod application","experience":["Google","Apple","Mobile Iron"],"project":[{"projectName":"Movie App","technology":["Kotlin","SQL Lite","Gradle"]}]},{"jobId":9980,"jobTitle":"Software Engg - 2","jobDescription":"To develop andriod application","experience":["Google","Apple","Mobile Iron","Google"],"project":[{"projectName":"Movie App","technology":["Kotlin","SQL Lite","Gradle","Jenkins"]}]},{"jobId":9980,"jobTitle":"Software Engg - 2","jobDescription":"To develop andriod application","experience":["Google","Apple","Mobile Iron","Google"],"project":[{"projectName":"Movie App","technology":["Kotlin","SQL Lite","Gradle","Jenkins"]}]}]

14:22:11.175 [main] INFO  com.intuit.karate - [print] [
  {
    "jobId": 1,
    "jobTitle": "Software Engg",
    "jobDescription": "To develop andriod application",
    "experience": [
      "Google",
      "Apple",
      "Mobile Iron"
    ],
    "project": [
      {
        "projectName": "Movie App",
        "technology": [
          "Kotlin",
          "SQL Lite",
          "Gradle"
        ]
      }
    ]
  },
  {
    "jobId": 9980,
    "jobTitle": "Software Engg - 2",
    "jobDescription": "To develop andriod application",
    "experience": [
      "Google",
      "Apple",
      "Mobile Iron",
      "Google"
    ],
    "project": [
      {
        "projectName": "Movie App",
        "technology": [
          "Kotlin",
          "SQL Lite",
          "Gradle",
          "Jenkins"
        ]
      }
    ]
  },
  {
    "jobId": 9980,
    "jobTitle": "Software Engg - 2",
    "jobDescription": "To develop andriod application",
    "experience": [
      "Google",
      "Apple",
      "Mobile Iron",
      "Google"
    ],
    "project": [
      {
        "projectName": "Movie App",
        "technology": [
          "Kotlin",
          "SQL Lite",
          "Gradle",
          "Jenkins"
        ]
      }
    ]
  }
]
 
---------------------------------------------------------
feature: classpath:com/api/automation/getRequest/featurefiles/responseMatcher.feature
scenarios:  4 | passed:  4 | failed:  0 | time: 0.1014
---------------------------------------------------------

14:22:11.238 [main] INFO  com.intuit.karate.Suite - <<pass>> feature 5 of 14 (0 remaining) classpath:com/api/automation/getRequest/featurefiles/responseMatcher.feature
14:22:11.241 [main] INFO  com.intuit.karate - karate.env system property was: null 
14:22:11.243 [main] DEBUG com.intuit.karate - request:
1 > GET http://localhost:9897/normal/webapi/all
1 > Accept: application/json
1 > Host: localhost:9897
1 > Connection: Keep-Alive
1 > User-Agent: Apache-HttpClient/4.5.14 (Java/21.0.10)
1 > Accept-Encoding: gzip,deflate


14:22:11.249 [main] DEBUG com.intuit.karate - response time in milliseconds: 5
1 < 200
1 < X-Content-Type-Options: nosniff
1 < X-XSS-Protection: 1; mode=block
1 < Cache-Control: no-cache, no-store, max-age=0, must-revalidate
1 < Pragma: no-cache
1 < Expires: 0
1 < X-Frame-Options: DENY
1 < Content-Type: application/json
1 < Transfer-Encoding: chunked
1 < Date: Sun, 19 Apr 2026 08:52:10 GMT
1 < Keep-Alive: timeout=60
1 < Connection: keep-alive
[{"jobId":1,"jobTitle":"Software Engg","jobDescription":"To develop andriod application","experience":["Google","Apple","Mobile Iron"],"project":[{"projectName":"Movie App","technology":["Kotlin","SQL Lite","Gradle"]}]},{"jobId":9980,"jobTitle":"Software Engg - 2","jobDescription":"To develop andriod application","experience":["Google","Apple","Mobile Iron","Google"],"project":[{"projectName":"Movie App","technology":["Kotlin","SQL Lite","Gradle","Jenkins"]}]},{"jobId":9980,"jobTitle":"Software Engg - 2","jobDescription":"To develop andriod application","experience":["Google","Apple","Mobile Iron","Google"],"project":[{"projectName":"Movie App","technology":["Kotlin","SQL Lite","Gradle","Jenkins"]}]}]

14:22:11.262 [main] INFO  com.intuit.karate - karate.env system property was: null 
14:22:11.264 [main] DEBUG com.intuit.karate - request:
1 > GET http://localhost:9897/normal/webapi/all
1 > Accept: application/json
1 > Host: localhost:9897
1 > Connection: Keep-Alive
1 > User-Agent: Apache-HttpClient/4.5.14 (Java/21.0.10)
1 > Accept-Encoding: gzip,deflate


14:22:11.270 [main] DEBUG com.intuit.karate - response time in milliseconds: 6
1 < 200
1 < X-Content-Type-Options: nosniff
1 < X-XSS-Protection: 1; mode=block
1 < Cache-Control: no-cache, no-store, max-age=0, must-revalidate
1 < Pragma: no-cache
1 < Expires: 0
1 < X-Frame-Options: DENY
1 < Content-Type: application/json
1 < Transfer-Encoding: chunked
1 < Date: Sun, 19 Apr 2026 08:52:10 GMT
1 < Keep-Alive: timeout=60
1 < Connection: keep-alive
[{"jobId":1,"jobTitle":"Software Engg","jobDescription":"To develop andriod application","experience":["Google","Apple","Mobile Iron"],"project":[{"projectName":"Movie App","technology":["Kotlin","SQL Lite","Gradle"]}]},{"jobId":9980,"jobTitle":"Software Engg - 2","jobDescription":"To develop andriod application","experience":["Google","Apple","Mobile Iron","Google"],"project":[{"projectName":"Movie App","technology":["Kotlin","SQL Lite","Gradle","Jenkins"]}]},{"jobId":9980,"jobTitle":"Software Engg - 2","jobDescription":"To develop andriod application","experience":["Google","Apple","Mobile Iron","Google"],"project":[{"projectName":"Movie App","technology":["Kotlin","SQL Lite","Gradle","Jenkins"]}]}]

---------------------------------------------------------
feature: classpath:com/api/automation/getRequest/featurefiles/validateJSONArray.feature
scenarios:  2 | passed:  2 | failed:  0 | time: 0.0375
---------------------------------------------------------

14:22:11.329 [main] INFO  com.intuit.karate.Suite - <<pass>> feature 6 of 14 (0 remaining) classpath:com/api/automation/getRequest/featurefiles/validateJSONArray.feature
14:22:11.333 [main] INFO  com.intuit.karate - karate.env system property was: null 
14:22:11.335 [main] DEBUG com.intuit.karate - request:
1 > GET http://localhost:9897/normal/webapi/all
1 > Accept: application/xml
1 > Host: localhost:9897
1 > Connection: Keep-Alive
1 > User-Agent: Apache-HttpClient/4.5.14 (Java/21.0.10)
1 > Accept-Encoding: gzip,deflate


14:22:11.340 [main] DEBUG com.intuit.karate - response time in milliseconds: 5
1 < 200
1 < X-Content-Type-Options: nosniff
1 < X-XSS-Protection: 1; mode=block
1 < Cache-Control: no-cache, no-store, max-age=0, must-revalidate
1 < Pragma: no-cache
1 < Expires: 0
1 < X-Frame-Options: DENY
1 < Content-Type: application/xml
1 < Transfer-Encoding: chunked
1 < Date: Sun, 19 Apr 2026 08:52:10 GMT
1 < Keep-Alive: timeout=60
1 < Connection: keep-alive
<List><item><jobId>1</jobId><jobTitle>Software Engg</jobTitle><jobDescription>To develop andriod application</jobDescription><experience><experience>Google</experience><experience>Apple</experience><experience>Mobile Iron</experience></experience><project><project><projectName>Movie App</projectName><technology><technology>Kotlin</technology><technology>SQL Lite</technology><technology>Gradle</technology></technology></project></project></item><item><jobId>9980</jobId><jobTitle>Software Engg - 2</jobTitle><jobDescription>To develop andriod application</jobDescription><experience><experience>Google</experience><experience>Apple</experience><experience>Mobile Iron</experience><experience>Google</experience></experience><project><project><projectName>Movie App</projectName><technology><technology>Kotlin</technology><technology>SQL Lite</technology><technology>Gradle</technology><technology>Jenkins</technology></technology></project></project></item><item><jobId>9980</jobId><jobTitle>Software Engg - 2</jobTitle><jobDescription>To develop andriod application</jobDescription><experience><experience>Google</experience><experience>Apple</experience><experience>Mobile Iron</experience><experience>Google</experience></experience><project><project><projectName>Movie App</projectName><technology><technology>Kotlin</technology><technology>SQL Lite</technology><technology>Gradle</technology><technology>Jenkins</technology></technology></project></project></item></List>

14:22:11.353 [main] INFO  com.intuit.karate - karate.env system property was: null 
14:22:11.355 [main] DEBUG com.intuit.karate - request:
1 > GET http://localhost:9897/normal/webapi/all
1 > Accept: application/xml
1 > Host: localhost:9897
1 > Connection: Keep-Alive
1 > User-Agent: Apache-HttpClient/4.5.14 (Java/21.0.10)
1 > Accept-Encoding: gzip,deflate


14:22:11.361 [main] DEBUG com.intuit.karate - response time in milliseconds: 6
1 < 200
1 < X-Content-Type-Options: nosniff
1 < X-XSS-Protection: 1; mode=block
1 < Cache-Control: no-cache, no-store, max-age=0, must-revalidate
1 < Pragma: no-cache
1 < Expires: 0
1 < X-Frame-Options: DENY
1 < Content-Type: application/xml
1 < Transfer-Encoding: chunked
1 < Date: Sun, 19 Apr 2026 08:52:10 GMT
1 < Keep-Alive: timeout=60
1 < Connection: keep-alive
<List><item><jobId>1</jobId><jobTitle>Software Engg</jobTitle><jobDescription>To develop andriod application</jobDescription><experience><experience>Google</experience><experience>Apple</experience><experience>Mobile Iron</experience></experience><project><project><projectName>Movie App</projectName><technology><technology>Kotlin</technology><technology>SQL Lite</technology><technology>Gradle</technology></technology></project></project></item><item><jobId>9980</jobId><jobTitle>Software Engg - 2</jobTitle><jobDescription>To develop andriod application</jobDescription><experience><experience>Google</experience><experience>Apple</experience><experience>Mobile Iron</experience><experience>Google</experience></experience><project><project><projectName>Movie App</projectName><technology><technology>Kotlin</technology><technology>SQL Lite</technology><technology>Gradle</technology><technology>Jenkins</technology></technology></project></project></item><item><jobId>9980</jobId><jobTitle>Software Engg - 2</jobTitle><jobDescription>To develop andriod application</jobDescription><experience><experience>Google</experience><experience>Apple</experience><experience>Mobile Iron</experience><experience>Google</experience></experience><project><project><projectName>Movie App</projectName><technology><technology>Kotlin</technology><technology>SQL Lite</technology><technology>Gradle</technology><technology>Jenkins</technology></technology></project></project></item></List>

---------------------------------------------------------
feature: classpath:com/api/automation/getRequest/featurefiles/validateXMLResponse.feature
scenarios:  2 | passed:  2 | failed:  0 | time: 0.0322
---------------------------------------------------------

14:22:11.406 [main] INFO  com.intuit.karate.Suite - <<pass>> feature 7 of 14 (0 remaining) classpath:com/api/automation/getRequest/featurefiles/validateXMLResponse.feature
14:22:11.408 [main] INFO  com.intuit.karate - karate.env system property was: null 
14:22:11.411 [main] DEBUG com.intuit.karate - request:
1 > GET http://localhost:9897/normal/webapi/all
1 > Accept: application/json
1 > Host: localhost:9897
1 > Connection: Keep-Alive
1 > User-Agent: Apache-HttpClient/4.5.14 (Java/21.0.10)
1 > Accept-Encoding: gzip,deflate


14:22:11.415 [main] DEBUG com.intuit.karate - response time in milliseconds: 4
1 < 200
1 < X-Content-Type-Options: nosniff
1 < X-XSS-Protection: 1; mode=block
1 < Cache-Control: no-cache, no-store, max-age=0, must-revalidate
1 < Pragma: no-cache
1 < Expires: 0
1 < X-Frame-Options: DENY
1 < Content-Type: application/json
1 < Transfer-Encoding: chunked
1 < Date: Sun, 19 Apr 2026 08:52:10 GMT
1 < Keep-Alive: timeout=60
1 < Connection: keep-alive
[{"jobId":1,"jobTitle":"Software Engg","jobDescription":"To develop andriod application","experience":["Google","Apple","Mobile Iron"],"project":[{"projectName":"Movie App","technology":["Kotlin","SQL Lite","Gradle"]}]},{"jobId":9980,"jobTitle":"Software Engg - 2","jobDescription":"To develop andriod application","experience":["Google","Apple","Mobile Iron","Google"],"project":[{"projectName":"Movie App","technology":["Kotlin","SQL Lite","Gradle","Jenkins"]}]},{"jobId":9980,"jobTitle":"Software Engg - 2","jobDescription":"To develop andriod application","experience":["Google","Apple","Mobile Iron","Google"],"project":[{"projectName":"Movie App","technology":["Kotlin","SQL Lite","Gradle","Jenkins"]}]}]

14:22:11.433 [main] INFO  com.intuit.karate - [print] File ==>  [
  {
    "jobId": 1,
    "jobTitle": "Software Engg",
    "project": [
      {
        "technology": [
          "Kotlin",
          "SQL Lite",
          "Gradle"
        ],
        "projectName": "Movie App"
      }
    ],
    "jobDescription": "To develop andriod application",
    "experience": [
      "Google",
      "Apple",
      "Mobile Iron"
    ]
  }
]
 
14:22:11.438 [main] INFO  com.intuit.karate - karate.env system property was: null 
14:22:11.440 [main] DEBUG com.intuit.karate - request:
1 > GET http://localhost:9897/normal/webapi/all
1 > Accept: application/xml
1 > Host: localhost:9897
1 > Connection: Keep-Alive
1 > User-Agent: Apache-HttpClient/4.5.14 (Java/21.0.10)
1 > Accept-Encoding: gzip,deflate


14:22:11.445 [main] DEBUG com.intuit.karate - response time in milliseconds: 5
1 < 200
1 < X-Content-Type-Options: nosniff
1 < X-XSS-Protection: 1; mode=block
1 < Cache-Control: no-cache, no-store, max-age=0, must-revalidate
1 < Pragma: no-cache
1 < Expires: 0
1 < X-Frame-Options: DENY
1 < Content-Type: application/xml
1 < Transfer-Encoding: chunked
1 < Date: Sun, 19 Apr 2026 08:52:10 GMT
1 < Keep-Alive: timeout=60
1 < Connection: keep-alive
<List><item><jobId>1</jobId><jobTitle>Software Engg</jobTitle><jobDescription>To develop andriod application</jobDescription><experience><experience>Google</experience><experience>Apple</experience><experience>Mobile Iron</experience></experience><project><project><projectName>Movie App</projectName><technology><technology>Kotlin</technology><technology>SQL Lite</technology><technology>Gradle</technology></technology></project></project></item><item><jobId>9980</jobId><jobTitle>Software Engg - 2</jobTitle><jobDescription>To develop andriod application</jobDescription><experience><experience>Google</experience><experience>Apple</experience><experience>Mobile Iron</experience><experience>Google</experience></experience><project><project><projectName>Movie App</projectName><technology><technology>Kotlin</technology><technology>SQL Lite</technology><technology>Gradle</technology><technology>Jenkins</technology></technology></project></project></item><item><jobId>9980</jobId><jobTitle>Software Engg - 2</jobTitle><jobDescription>To develop andriod application</jobDescription><experience><experience>Google</experience><experience>Apple</experience><experience>Mobile Iron</experience><experience>Google</experience></experience><project><project><projectName>Movie App</projectName><technology><technology>Kotlin</technology><technology>SQL Lite</technology><technology>Gradle</technology><technology>Jenkins</technology></technology></project></project></item></List>

14:22:11.483 [main] INFO  com.intuit.karate - [print] Xml Response ==>  <List>
  <item>
    <jobId>1</jobId>
    <jobTitle>Software Engg</jobTitle>
    <jobDescription>To develop andriod application</jobDescription>
    <experience>
      <experience>Google</experience>
      <experience>Apple</experience>
      <experience>Mobile Iron</experience>
    </experience>
    <project>
      <project>
        <projectName>Movie App</projectName>
        <technology>
          <technology>Kotlin</technology>
          <technology>SQL Lite</technology>
          <technology>Gradle</technology>
        </technology>
      </project>
    </project>
  </item>
</List>
 
---------------------------------------------------------
feature: classpath:com/api/automation/getRequest/featurefiles/ValidationUsingFile.feature
scenarios:  2 | passed:  2 | failed:  0 | time: 0.0714
---------------------------------------------------------

14:22:11.554 [main] INFO  com.intuit.karate.Suite - <<pass>> feature 8 of 14 (0 remaining) classpath:com/api/automation/getRequest/featurefiles/ValidationUsingFile.feature
14:22:11.558 [main] INFO  com.intuit.karate - karate.env system property was: null 
14:22:11.560 [main] INFO  com.intuit.karate - [print] Int Variable ==>  10 
14:22:11.561 [main] INFO  com.intuit.karate - [print] String Variable ==>  Karate 
14:22:11.561 [main] INFO  com.intuit.karate - [print] New Variable ==>  20 
14:22:11.563 [main] INFO  com.intuit.karate - [print] BackGroud Section Variabel ==>  Google 20 
14:22:11.565 [main] INFO  com.intuit.karate - karate.env system property was: null 
14:22:11.567 [main] INFO  com.intuit.karate - [print] Previous Scenario ==>  1 
14:22:11.567 [main] INFO  com.intuit.karate - [print] Previous Scenario ==>  New 
14:22:11.568 [main] INFO  com.intuit.karate - [print] Previous Scenario ==>  91 
14:22:11.568 [main] INFO  com.intuit.karate - [print] BackGroud Section Variabel ==>  Google 20 
---------------------------------------------------------
feature: classpath:com/api/automation/getRequest/featurefiles/Variables.feature
scenarios:  2 | passed:  2 | failed:  0 | time: 0.0068
---------------------------------------------------------

14:22:11.600 [main] INFO  com.intuit.karate.Suite - <<pass>> feature 9 of 14 (0 remaining) classpath:com/api/automation/getRequest/featurefiles/Variables.feature
14:22:11.603 [main] INFO  com.intuit.karate - karate.env system property was: null 
14:22:11.606 [main] DEBUG com.intuit.karate - request:
1 > POST http://localhost:9897/normal/webapi/add
1 > Accept: application/json
1 > Content-Type: application/json; charset=UTF-8
1 > Content-Length: 241
1 > Host: localhost:9897
1 > Connection: Keep-Alive
1 > User-Agent: Apache-HttpClient/4.5.14 (Java/21.0.10)
1 > Accept-Encoding: gzip,deflate
{"jobId":5,"jobTitle":"Software Engg - 2","jobDescription":"To develop andriod application","experience":["Google","Apple","Mobile Iron","Google"],"project":[{"projectName":"Movie App","technology":["Kotlin","SQL Lite","Gradle","Jenkins"]}]}

14:22:11.612 [main] DEBUG com.intuit.karate - response time in milliseconds: 5
1 < 201
1 < X-Content-Type-Options: nosniff
1 < X-XSS-Protection: 1; mode=block
1 < Cache-Control: no-cache, no-store, max-age=0, must-revalidate
1 < Pragma: no-cache
1 < Expires: 0
1 < X-Frame-Options: DENY
1 < Content-Type: application/json
1 < Transfer-Encoding: chunked
1 < Date: Sun, 19 Apr 2026 08:52:11 GMT
1 < Keep-Alive: timeout=60
1 < Connection: keep-alive
{"jobId":5,"jobTitle":"Software Engg - 2","jobDescription":"To develop andriod application","experience":["Google","Apple","Mobile Iron","Google"],"project":[{"projectName":"Movie App","technology":["Kotlin","SQL Lite","Gradle","Jenkins"]}]}

14:22:11.613 [main] INFO  com.intuit.karate - [print] {
  "jobId": 5,
  "jobTitle": "Software Engg - 2",
  "jobDescription": "To develop andriod application",
  "experience": [
    "Google",
    "Apple",
    "Mobile Iron",
    "Google"
  ],
  "project": [
    {
      "projectName": "Movie App",
      "technology": [
        "Kotlin",
        "SQL Lite",
        "Gradle",
        "Jenkins"
      ]
    }
  ]
}
 
14:22:11.617 [main] INFO  com.intuit.karate - karate.env system property was: null 
14:22:11.621 [main] DEBUG com.intuit.karate - request:
1 > POST http://localhost:9897/normal/webapi/add
1 > Accept: application/json
1 > Content-Type: application/xml; charset=UTF-8
1 > Content-Length: 504
1 > Host: localhost:9897
1 > Connection: Keep-Alive
1 > User-Agent: Apache-HttpClient/4.5.14 (Java/21.0.10)
1 > Accept-Encoding: gzip,deflate
<item><jobId>7</jobId><jobTitle>Software Engg</jobTitle><jobDescription>To develop andriod application</jobDescription><experience><experience>Google</experience><experience>Apple</experience><experience>Mobile Iron</experience><experience>Subex</experience></experience><project><project><projectName>Movie App</projectName><technology><technology>Kotlin</technology><technology>SQL Lite</technology><technology>Gradle</technology><technology>Jenkins</technology></technology></project></project></item>

14:22:11.692 [main] DEBUG com.intuit.karate - response time in milliseconds: 71
1 < 201
1 < X-Content-Type-Options: nosniff
1 < X-XSS-Protection: 1; mode=block
1 < Cache-Control: no-cache, no-store, max-age=0, must-revalidate
1 < Pragma: no-cache
1 < Expires: 0
1 < X-Frame-Options: DENY
1 < Content-Type: application/json
1 < Transfer-Encoding: chunked
1 < Date: Sun, 19 Apr 2026 08:52:11 GMT
1 < Keep-Alive: timeout=60
1 < Connection: keep-alive
{"jobId":7,"jobTitle":"Software Engg","jobDescription":"To develop andriod application","experience":["Google","Apple","Mobile Iron","Subex"],"project":[{"projectName":"Movie App","technology":["Kotlin","SQL Lite","Gradle","Jenkins"]}]}

14:22:11.694 [main] INFO  com.intuit.karate - [print] {
  "jobId": 7,
  "jobTitle": "Software Engg",
  "jobDescription": "To develop andriod application",
  "experience": [
    "Google",
    "Apple",
    "Mobile Iron",
    "Subex"
  ],
  "project": [
    {
      "projectName": "Movie App",
      "technology": [
        "Kotlin",
        "SQL Lite",
        "Gradle",
        "Jenkins"
      ]
    }
  ]
}
 
14:22:11.697 [main] INFO  com.intuit.karate - karate.env system property was: null 
14:22:11.701 [main] DEBUG com.intuit.karate - request:
1 > POST http://localhost:9897/normal/webapi/add
1 > Accept: application/xml
1 > Content-Type: application/xml; charset=UTF-8
1 > Content-Length: 504
1 > Host: localhost:9897
1 > Connection: Keep-Alive
1 > User-Agent: Apache-HttpClient/4.5.14 (Java/21.0.10)
1 > Accept-Encoding: gzip,deflate
<item><jobId>7</jobId><jobTitle>Software Engg</jobTitle><jobDescription>To develop andriod application</jobDescription><experience><experience>Google</experience><experience>Apple</experience><experience>Mobile Iron</experience><experience>Subex</experience></experience><project><project><projectName>Movie App</projectName><technology><technology>Kotlin</technology><technology>SQL Lite</technology><technology>Gradle</technology><technology>Jenkins</technology></technology></project></project></item>

14:22:11.707 [main] DEBUG com.intuit.karate - response time in milliseconds: 6
1 < 201
1 < X-Content-Type-Options: nosniff
1 < X-XSS-Protection: 1; mode=block
1 < Cache-Control: no-cache, no-store, max-age=0, must-revalidate
1 < Pragma: no-cache
1 < Expires: 0
1 < X-Frame-Options: DENY
1 < Content-Type: application/xml
1 < Transfer-Encoding: chunked
1 < Date: Sun, 19 Apr 2026 08:52:11 GMT
1 < Keep-Alive: timeout=60
1 < Connection: keep-alive
<Job><jobId>7</jobId><jobTitle>Software Engg</jobTitle><jobDescription>To develop andriod application</jobDescription><experience><experience>Google</experience><experience>Apple</experience><experience>Mobile Iron</experience><experience>Subex</experience></experience><project><project><projectName>Movie App</projectName><technology><technology>Kotlin</technology><technology>SQL Lite</technology><technology>Gradle</technology><technology>Jenkins</technology></technology></project></project></Job>

14:22:11.708 [main] INFO  com.intuit.karate - [print] <Job>
  <jobId>7</jobId>
  <jobTitle>Software Engg</jobTitle>
  <jobDescription>To develop andriod application</jobDescription>
  <experience>
    <experience>Google</experience>
    <experience>Apple</experience>
    <experience>Mobile Iron</experience>
    <experience>Subex</experience>
  </experience>
  <project>
    <project>
      <projectName>Movie App</projectName>
      <technology>
        <technology>Kotlin</technology>
        <technology>SQL Lite</technology>
        <technology>Gradle</technology>
        <technology>Jenkins</technology>
      </technology>
    </project>
  </project>
</Job>
 
14:22:11.712 [main] INFO  com.intuit.karate - karate.env system property was: null 
14:22:11.715 [main] DEBUG com.intuit.karate - request:
1 > POST http://localhost:9897/normal/webapi/add
1 > Accept: application/json
1 > Content-Type: application/json; charset=UTF-8
1 > Content-Length: 241
1 > Host: localhost:9897
1 > Connection: Keep-Alive
1 > User-Agent: Apache-HttpClient/4.5.14 (Java/21.0.10)
1 > Accept-Encoding: gzip,deflate
{"jobId":5,"jobTitle":"Software Engg - 2","jobDescription":"To develop andriod application","experience":["Google","Apple","Mobile Iron","Google"],"project":[{"projectName":"Movie App","technology":["Kotlin","SQL Lite","Gradle","Jenkins"]}]}

14:22:11.720 [main] DEBUG com.intuit.karate - response time in milliseconds: 5
1 < 201
1 < X-Content-Type-Options: nosniff
1 < X-XSS-Protection: 1; mode=block
1 < Cache-Control: no-cache, no-store, max-age=0, must-revalidate
1 < Pragma: no-cache
1 < Expires: 0
1 < X-Frame-Options: DENY
1 < Content-Type: application/json
1 < Transfer-Encoding: chunked
1 < Date: Sun, 19 Apr 2026 08:52:11 GMT
1 < Keep-Alive: timeout=60
1 < Connection: keep-alive
{"jobId":5,"jobTitle":"Software Engg - 2","jobDescription":"To develop andriod application","experience":["Google","Apple","Mobile Iron","Google"],"project":[{"projectName":"Movie App","technology":["Kotlin","SQL Lite","Gradle","Jenkins"]}]}

14:22:11.721 [main] INFO  com.intuit.karate - [print] {
  "jobId": 5,
  "jobTitle": "Software Engg - 2",
  "jobDescription": "To develop andriod application",
  "experience": [
    "Google",
    "Apple",
    "Mobile Iron",
    "Google"
  ],
  "project": [
    {
      "projectName": "Movie App",
      "technology": [
        "Kotlin",
        "SQL Lite",
        "Gradle",
        "Jenkins"
      ]
    }
  ]
}
 
14:22:11.723 [main] INFO  com.intuit.karate - karate.env system property was: null 
14:22:11.729 [main] DEBUG com.intuit.karate - request:
1 > POST http://localhost:9897/normal/webapi/add
1 > Accept: application/json
1 > Content-Type: application/xml; charset=UTF-8
1 > Content-Length: 590
1 > Host: localhost:9897
1 > Connection: Keep-Alive
1 > User-Agent: Apache-HttpClient/4.5.14 (Java/21.0.10)
1 > Accept-Encoding: gzip,deflate
<item>
	<jobId>7</jobId>
	<jobTitle>Software Engg</jobTitle>
	<jobDescription>To develop andriod application</jobDescription>
	<experience>
		<experience>Google</experience>
		<experience>Apple</experience>
		<experience>Mobile Iron</experience>
		<experience>Subex</experience>
	</experience>
	<project>
		<project>
			<projectName>Movie App</projectName>
			<technology>
				<technology>Kotlin</technology>
				<technology>SQL Lite</technology>
				<technology>Gradle</technology>
				<technology>Jenkins</technology>
			</technology>
		</project>
	</project>
</item>

14:22:11.735 [main] DEBUG com.intuit.karate - response time in milliseconds: 6
1 < 201
1 < X-Content-Type-Options: nosniff
1 < X-XSS-Protection: 1; mode=block
1 < Cache-Control: no-cache, no-store, max-age=0, must-revalidate
1 < Pragma: no-cache
1 < Expires: 0
1 < X-Frame-Options: DENY
1 < Content-Type: application/json
1 < Transfer-Encoding: chunked
1 < Date: Sun, 19 Apr 2026 08:52:11 GMT
1 < Keep-Alive: timeout=60
1 < Connection: keep-alive
{"jobId":7,"jobTitle":"Software Engg","jobDescription":"To develop andriod application","experience":["Google","Apple","Mobile Iron","Subex"],"project":[{"projectName":"Movie App","technology":["Kotlin","SQL Lite","Gradle","Jenkins"]}]}

14:22:11.736 [main] INFO  com.intuit.karate - [print] {
  "jobId": 7,
  "jobTitle": "Software Engg",
  "jobDescription": "To develop andriod application",
  "experience": [
    "Google",
    "Apple",
    "Mobile Iron",
    "Subex"
  ],
  "project": [
    {
      "projectName": "Movie App",
      "technology": [
        "Kotlin",
        "SQL Lite",
        "Gradle",
        "Jenkins"
      ]
    }
  ]
}
 
14:22:11.739 [main] INFO  com.intuit.karate - karate.env system property was: null 
14:22:11.750 [main] DEBUG com.intuit.karate - request:
1 > POST http://localhost:9897/normal/webapi/add
1 > Accept: application/json
1 > Content-Type: application/json; charset=UTF-8
1 > Content-Length: 242
1 > Host: localhost:9897
1 > Connection: Keep-Alive
1 > User-Agent: Apache-HttpClient/4.5.14 (Java/21.0.10)
1 > Accept-Encoding: gzip,deflate
{"jobId":64,"jobTitle":"Software Engg - 2","jobDescription":"To develop andriod application","experience":["Google","Apple","Mobile Iron","Google"],"project":[{"projectName":"Movie App","technology":["Kotlin","SQL Lite","Gradle","Jenkins"]}]}

14:22:11.756 [main] DEBUG com.intuit.karate - response time in milliseconds: 6
1 < 201
1 < X-Content-Type-Options: nosniff
1 < X-XSS-Protection: 1; mode=block
1 < Cache-Control: no-cache, no-store, max-age=0, must-revalidate
1 < Pragma: no-cache
1 < Expires: 0
1 < X-Frame-Options: DENY
1 < Content-Type: application/json
1 < Transfer-Encoding: chunked
1 < Date: Sun, 19 Apr 2026 08:52:11 GMT
1 < Keep-Alive: timeout=60
1 < Connection: keep-alive
{"jobId":64,"jobTitle":"Software Engg - 2","jobDescription":"To develop andriod application","experience":["Google","Apple","Mobile Iron","Google"],"project":[{"projectName":"Movie App","technology":["Kotlin","SQL Lite","Gradle","Jenkins"]}]}

14:22:11.757 [main] INFO  com.intuit.karate - [print] {
  "jobId": 64,
  "jobTitle": "Software Engg - 2",
  "jobDescription": "To develop andriod application",
  "experience": [
    "Google",
    "Apple",
    "Mobile Iron",
    "Google"
  ],
  "project": [
    {
      "projectName": "Movie App",
      "technology": [
        "Kotlin",
        "SQL Lite",
        "Gradle",
        "Jenkins"
      ]
    }
  ]
}
 
14:22:11.759 [main] INFO  com.intuit.karate - karate.env system property was: null 
14:22:11.762 [main] DEBUG com.intuit.karate - request:
1 > POST http://localhost:9897/normal/webapi/add
1 > Accept: application/json
1 > Content-Type: application/xml; charset=UTF-8
1 > Content-Length: 504
1 > Host: localhost:9897
1 > Connection: Keep-Alive
1 > User-Agent: Apache-HttpClient/4.5.14 (Java/21.0.10)
1 > Accept-Encoding: gzip,deflate
<item><jobId>5</jobId><jobTitle>Software Engg</jobTitle><jobDescription>To develop andriod application</jobDescription><experience><experience>Google</experience><experience>Apple</experience><experience>Mobile Iron</experience><experience>Subex</experience></experience><project><project><projectName>Movie App</projectName><technology><technology>Kotlin</technology><technology>SQL Lite</technology><technology>Gradle</technology><technology>Jenkins</technology></technology></project></project></item>

14:22:11.769 [main] DEBUG com.intuit.karate - response time in milliseconds: 7
1 < 201
1 < X-Content-Type-Options: nosniff
1 < X-XSS-Protection: 1; mode=block
1 < Cache-Control: no-cache, no-store, max-age=0, must-revalidate
1 < Pragma: no-cache
1 < Expires: 0
1 < X-Frame-Options: DENY
1 < Content-Type: application/json
1 < Transfer-Encoding: chunked
1 < Date: Sun, 19 Apr 2026 08:52:11 GMT
1 < Keep-Alive: timeout=60
1 < Connection: keep-alive
{"jobId":5,"jobTitle":"Software Engg","jobDescription":"To develop andriod application","experience":["Google","Apple","Mobile Iron","Subex"],"project":[{"projectName":"Movie App","technology":["Kotlin","SQL Lite","Gradle","Jenkins"]}]}

14:22:11.769 [main] INFO  com.intuit.karate - [print] {
  "jobId": 5,
  "jobTitle": "Software Engg",
  "jobDescription": "To develop andriod application",
  "experience": [
    "Google",
    "Apple",
    "Mobile Iron",
    "Subex"
  ],
  "project": [
    {
      "projectName": "Movie App",
      "technology": [
        "Kotlin",
        "SQL Lite",
        "Gradle",
        "Jenkins"
      ]
    }
  ]
}
 
---------------------------------------------------------
feature: classpath:com/api/automation/postRequest/featurefiles/createJobEntry.feature
scenarios:  7 | passed:  7 | failed:  0 | time: 0.1460
---------------------------------------------------------

14:22:11.838 [main] INFO  com.intuit.karate.Suite - <<pass>> feature 10 of 14 (0 remaining) classpath:com/api/automation/postRequest/featurefiles/createJobEntry.feature
14:22:11.841 [main] INFO  com.intuit.karate - karate.env system property was: null 
14:22:11.843 [main] INFO  com.intuit.karate - [print] Function Value =>  10 
14:22:11.843 [main] INFO  com.intuit.karate - [print] Function Value =>  86 
14:22:11.844 [main] INFO  com.intuit.karate - [print] Function Value =>  Hello World 
---------------------------------------------------------
feature: classpath:com/api/automation/postRequest/featurefiles/javaScriptExecutor.feature
scenarios:  1 | passed:  1 | failed:  0 | time: 0.0030
---------------------------------------------------------

14:22:11.860 [main] INFO  com.intuit.karate.Suite - <<pass>> feature 11 of 14 (0 remaining) classpath:com/api/automation/postRequest/featurefiles/javaScriptExecutor.feature
14:22:11.862 [main] INFO  com.intuit.karate - karate.env system property was: null 
14:22:11.864 [main] DEBUG com.intuit.karate - request:
1 > GET http://localhost:9897/normal/webapi/all
1 > Host: localhost:9897
1 > Connection: Keep-Alive
1 > User-Agent: Apache-HttpClient/4.5.14 (Java/21.0.10)
1 > Accept-Encoding: gzip,deflate


14:22:11.870 [main] DEBUG com.intuit.karate - response time in milliseconds: 5
1 < 200
1 < X-Content-Type-Options: nosniff
1 < X-XSS-Protection: 1; mode=block
1 < Cache-Control: no-cache, no-store, max-age=0, must-revalidate
1 < Pragma: no-cache
1 < Expires: 0
1 < X-Frame-Options: DENY
1 < Content-Type: application/json
1 < Transfer-Encoding: chunked
1 < Date: Sun, 19 Apr 2026 08:52:11 GMT
1 < Keep-Alive: timeout=60
1 < Connection: keep-alive
[{"jobId":1,"jobTitle":"Software Engg","jobDescription":"To develop andriod application","experience":["Google","Apple","Mobile Iron"],"project":[{"projectName":"Movie App","technology":["Kotlin","SQL Lite","Gradle"]}]},{"jobId":9980,"jobTitle":"Software Engg - 2","jobDescription":"To develop andriod application","experience":["Google","Apple","Mobile Iron","Google"],"project":[{"projectName":"Movie App","technology":["Kotlin","SQL Lite","Gradle","Jenkins"]}]},{"jobId":9980,"jobTitle":"Software Engg - 2","jobDescription":"To develop andriod application","experience":["Google","Apple","Mobile Iron","Google"],"project":[{"projectName":"Movie App","technology":["Kotlin","SQL Lite","Gradle","Jenkins"]}]},{"jobId":5,"jobTitle":"Software Engg - 2","jobDescription":"To develop andriod application","experience":["Google","Apple","Mobile Iron","Google"],"project":[{"projectName":"Movie App","technology":["Kotlin","SQL Lite","Gradle","Jenkins"]}]},{"jobId":7,"jobTitle":"Software Engg","jobDescription":"To develop andriod application","experience":["Google","Apple","Mobile Iron","Subex"],"project":[{"projectName":"Movie App","technology":["Kotlin","SQL Lite","Gradle","Jenkins"]}]},{"jobId":7,"jobTitle":"Software Engg","jobDescription":"To develop andriod application","experience":["Google","Apple","Mobile Iron","Subex"],"project":[{"projectName":"Movie App","technology":["Kotlin","SQL Lite","Gradle","Jenkins"]}]},{"jobId":5,"jobTitle":"Software Engg - 2","jobDescription":"To develop andriod application","experience":["Google","Apple","Mobile Iron","Google"],"project":[{"projectName":"Movie App","technology":["Kotlin","SQL Lite","Gradle","Jenkins"]}]},{"jobId":7,"jobTitle":"Software Engg","jobDescription":"To develop andriod application","experience":["Google","Apple","Mobile Iron","Subex"],"project":[{"projectName":"Movie App","technology":["Kotlin","SQL Lite","Gradle","Jenkins"]}]},{"jobId":64,"jobTitle":"Software Engg - 2","jobDescription":"To develop andriod application","experience":["Google","Apple","Mobile Iron","Google"],"project":[{"projectName":"Movie App","technology":["Kotlin","SQL Lite","Gradle","Jenkins"]}]},{"jobId":5,"jobTitle":"Software Engg","jobDescription":"To develop andriod application","experience":["Google","Apple","Mobile Iron","Subex"],"project":[{"projectName":"Movie App","technology":["Kotlin","SQL Lite","Gradle","Jenkins"]}]}]

14:22:11.893 [main] INFO  com.intuit.karate - [print] Job Title ==>  [
  "Software Engg"
]
 
14:22:11.893 [main] INFO  com.intuit.karate - [print] Job Description ==>  [
  "To develop andriod application"
]
 
14:22:11.894 [main] INFO  com.intuit.karate - [print] Experience ==>  [
  [
    "Google",
    "Apple",
    "Mobile Iron"
  ]
]
 
---------------------------------------------------------
feature: classpath:com/api/automation/postRequest/featurefiles/jsonPathExpression.feature
scenarios:  1 | passed:  1 | failed:  0 | time: 0.0305
---------------------------------------------------------

14:22:11.922 [main] INFO  com.intuit.karate.Suite - <<pass>> feature 12 of 14 (0 remaining) classpath:com/api/automation/postRequest/featurefiles/jsonPathExpression.feature
14:22:11.925 [main] INFO  com.intuit.karate - karate.env system property was: null 
14:22:11.927 [main] DEBUG com.intuit.karate - request:
1 > POST http://localhost:9897/normal/webapi/add
1 > Accept: application/json
1 > Content-Type: application/json; charset=UTF-8
1 > Content-Length: 241
1 > Host: localhost:9897
1 > Connection: Keep-Alive
1 > User-Agent: Apache-HttpClient/4.5.14 (Java/21.0.10)
1 > Accept-Encoding: gzip,deflate
{"jobId":5,"jobTitle":"Software Engg - 2","jobDescription":"To develop andriod application","experience":["Google","Apple","Mobile Iron","Google"],"project":[{"projectName":"Movie App","technology":["Kotlin","SQL Lite","Gradle","Jenkins"]}]}

14:22:11.932 [main] DEBUG com.intuit.karate - response time in milliseconds: 5
1 < 201
1 < X-Content-Type-Options: nosniff
1 < X-XSS-Protection: 1; mode=block
1 < Cache-Control: no-cache, no-store, max-age=0, must-revalidate
1 < Pragma: no-cache
1 < Expires: 0
1 < X-Frame-Options: DENY
1 < Content-Type: application/json
1 < Transfer-Encoding: chunked
1 < Date: Sun, 19 Apr 2026 08:52:11 GMT
1 < Keep-Alive: timeout=60
1 < Connection: keep-alive
[...]
tName":"Movie App","technology":["Kotlin","SQL Lite","Gradle","Jenkins"]},{"projectName":"Movie App","technology":["Kotlin","SQL Lite","Gradle","Jenkins"]}]},{"jobId":9980,"jobTitle":"Software Engg - 2","jobDescription":"To develop andriod application","experience":["Google","Apple","Mobile Iron","Google"],"project":[{"projectName":"Movie App","technology":["Kotlin","SQL Lite","Gradle","Jenkins"]}]},{"jobId":9980,"jobTitle":"Software Engg - 2","jobDescription":"To develop andriod application","experience":["Google","Apple","Mobile Iron","Google"],"project":[{"projectName":"Movie App","technology":["Kotlin","SQL Lite","Gradle","Jenkins"]}]},{"jobId":5,"jobTitle":"Software Engg - 2","jobDescription":"To develop andriod application","experience":["Google","Apple","Mobile Iron","Google"],"project":[{"projectName":"Movie App","technology":["Kotlin","SQL Lite","Gradle","Jenkins"]}]},{"jobId":7,"jobTitle":"Software Engg","jobDescription":"To develop andriod application","experience":["Google","Apple","Mobile Iron","Subex"],"project":[{"projectName":"Movie App","technology":["Kotlin","SQL Lite","Gradle","Jenkins"]}]},{"jobId":7,"jobTitle":"Software Engg","jobDescription":"To develop andriod application","experience":["Google","Apple","Mobile Iron","Subex"],"project":[{"projectName":"Movie App","technology":["Kotlin","SQL Lite","Gradle","Jenkins"]}]},{"jobId":5,"jobTitle":"Software Engg - 2","jobDescription":"To develop andriod application","experience":["Google","Apple","Mobile Iron","Google"],"project":[{"projectName":"Movie App","technology":["Kotlin","SQL Lite","Gradle","Jenkins"]}]},{"jobId":7,"jobTitle":"Software Engg","jobDescription":"To develop andriod application","experience":["Google","Apple","Mobile Iron","Subex"],"project":[{"projectName":"Movie App","technology":["Kotlin","SQL Lite","Gradle","Jenkins"]}]},{"jobId":47,"jobTitle":"Software Engg - 2","jobDescription":"To develop andriod application","experience":["Google","Apple","Mobile Iron","Google"],"project":[{"projectName":"Movie App","technology":["Kotlin","SQL Lite","Gradle","Jenkins"]}]},{"jobId":95,"jobTitle":"Software Engg","jobDescription":"To develop andriod application","experience":["Google","Apple","Mobile Iron","Subex"],"project":[{"projectName":"Movie App","technology":["Kotlin","SQL Lite","Gradle","Jenkins"]}]},{"jobId":5,"jobTitle":"Software Engg - 2","jobDescription":"To develop andriod application","experience":["Google","Apple","Mobile Iron","Google"],"project":[{"projectName":"Movie App","technology":["Kotlin","SQL Lite","Gradle","Jenkins"]}]}]

---------------------------------------------------------
feature: classpath:com/api/automation/postRequest/featurefiles/schemaValidation.feature
scenarios:  2 | passed:  2 | failed:  0 | time: 0.0698
---------------------------------------------------------

14:22:14.961 [main] INFO  com.intuit.karate.Suite - <<pass>> feature 13 of 14 (0 remaining) classpath:com/api/automation/postRequest/featurefiles/schemaValidation.feature
14:22:14.965 [main] INFO  com.intuit.karate - karate.env system property was: null 
14:22:14.970 [main] DEBUG com.intuit.karate - request:
1 > POST http://localhost:9897/normal/webapi/add
1 > Accept: application/json
1 > Content-Type: application/json; charset=UTF-8
1 > Content-Length: 242
1 > Host: localhost:9897
1 > Connection: Keep-Alive
1 > User-Agent: Apache-HttpClient/4.5.14 (Java/21.0.10)
1 > Accept-Encoding: gzip,deflate
{"jobId":64,"jobTitle":"Software Engg - 2","jobDescription":"To develop andriod application","experience":["Google","Apple","Mobile Iron","Google"],"project":[{"projectName":"Movie App","technology":["Kotlin","SQL Lite","Gradle","Jenkins"]}]}

14:22:14.980 [main] DEBUG com.intuit.karate - response time in milliseconds: 9
1 < 201
1 < X-Content-Type-Options: nosniff
1 < X-XSS-Protection: 1; mode=block
1 < Cache-Control: no-cache, no-store, max-age=0, must-revalidate
1 < Pragma: no-cache
1 < Expires: 0
1 < X-Frame-Options: DENY
1 < Content-Type: application/json
1 < Transfer-Encoding: chunked
1 < Date: Sun, 19 Apr 2026 08:52:14 GMT
1 < Keep-Alive: timeout=60
1 < Connection: keep-alive
{"jobId":64,"jobTitle":"Software Engg - 2","jobDescription":"To develop andriod application","experience":["Google","Apple","Mobile Iron","Google"],"project":[{"projectName":"Movie App","technology":["Kotlin","SQL Lite","Gradle","Jenkins"]}]}

14:22:14.985 [main] DEBUG com.intuit.karate - request:
2 > PUT http://localhost:9897/normal/webapi/update
2 > Accept: application/json
2 > Content-Type: application/json; charset=UTF-8
2 > Content-Length: 344
2 > Host: localhost:9897
2 > Connection: Keep-Alive
2 > User-Agent: Apache-HttpClient/4.5.14 (Java/21.0.10)
2 > Accept-Encoding: gzip,deflate
{"jobId":64,"jobTitle":"Software Engg - 3","jobDescription":"To develop andriod application and Web Application","experience":["Google","Apple","Mobile Iron","Google"],"project":[{"projectName":"Movie App","technology":["Kotlin","SQL Lite","Gradle","Jenkins"]},{"projectName":"Movie App","technology":["Kotlin","SQL Lite","Gradle","Jenkins"]}]}

14:22:14.994 [main] DEBUG com.intuit.karate - response time in milliseconds: 8
2 < 200
2 < X-Content-Type-Options: nosniff
2 < X-XSS-Protection: 1; mode=block
2 < Cache-Control: no-cache, no-store, max-age=0, must-revalidate
2 < Pragma: no-cache
2 < Expires: 0
2 < X-Frame-Options: DENY
2 < Content-Type: application/json
2 < Transfer-Encoding: chunked
2 < Date: Sun, 19 Apr 2026 08:52:14 GMT
2 < Keep-Alive: timeout=60
2 < Connection: keep-alive
{"jobId":64,"jobTitle":"Software Engg - 3","jobDescription":"To develop andriod application and Web Application","experience":["Google","Apple","Mobile Iron","Google"],"project":[{"projectName":"Movie App","technology":["Kotlin","SQL Lite","Gradle","Jenkins"]},{"projectName":"Movie App","technology":["Kotlin","SQL Lite","Gradle","Jenkins"]}]}

14:22:14.996 [main] INFO  com.intuit.karate - [print] [
  [
    {
      "projectName": "Movie App",
      "technology": [
        "Kotlin",
        "SQL Lite",
        "Gradle",
        "Jenkins"
      ]
    },
    {
      "projectName": "Movie App",
      "technology": [
        "Kotlin",
        "SQL Lite",
        "Gradle",
        "Jenkins"
      ]
    }
  ]
]
 
14:22:15.003 [main] INFO  com.intuit.karate - karate.env system property was: null 
14:22:15.006 [main] DEBUG com.intuit.karate - request:
1 > POST http://localhost:9897/normal/webapi/add
1 > Accept: application/json
1 > Content-Type: application/json; charset=UTF-8
1 > Content-Length: 244
1 > Host: localhost:9897
1 > Connection: Keep-Alive
1 > User-Agent: Apache-HttpClient/4.5.14 (Java/21.0.10)
1 > Accept-Encoding: gzip,deflate
{"jobId":9972,"jobTitle":"Software Engg - 2","jobDescription":"To develop andriod application","experience":["Google","Apple","Mobile Iron","Google"],"project":[{"projectName":"Movie App","technology":["Kotlin","SQL Lite","Gradle","Jenkins"]}]}

14:22:15.014 [main] DEBUG com.intuit.karate - response time in milliseconds: 5
1 < 201
1 < X-Content-Type-Options: nosniff
1 < X-XSS-Protection: 1; mode=block
1 < Cache-Control: no-cache, no-store, max-age=0, must-revalidate
1 < Pragma: no-cache
1 < Expires: 0
1 < X-Frame-Options: DENY
1 < Content-Type: application/json
1 < Transfer-Encoding: chunked
1 < Date: Sun, 19 Apr 2026 08:52:14 GMT
1 < Keep-Alive: timeout=60
1 < Connection: keep-alive
{"jobId":9972,"jobTitle":"Software Engg - 2","jobDescription":"To develop andriod application","experience":["Google","Apple","Mobile Iron","Google"],"project":[{"projectName":"Movie App","technology":["Kotlin","SQL Lite","Gradle","Jenkins"]}]}

14:22:15.017 [main] DEBUG com.intuit.karate - request:
2 > PUT http://localhost:9897/normal/webapi/update
2 > Accept: application/json
2 > Content-Type: application/json; charset=UTF-8
2 > Content-Length: 346
2 > Host: localhost:9897
2 > Connection: Keep-Alive
2 > User-Agent: Apache-HttpClient/4.5.14 (Java/21.0.10)
2 > Accept-Encoding: gzip,deflate
{"jobId":2914,"jobTitle":"Software Engg - 3","jobDescription":"To develop andriod application and Web Application","experience":["Google","Apple","Mobile Iron","Google"],"project":[{"projectName":"Movie App","technology":["Kotlin","SQL Lite","Gradle","Jenkins"]},{"projectName":"Movie App","technology":["Kotlin","SQL Lite","Gradle","Jenkins"]}]}

14:22:15.026 [main] DEBUG com.intuit.karate - response time in milliseconds: 9
2 < 404
2 < X-Content-Type-Options: nosniff
2 < X-XSS-Protection: 1; mode=block
2 < Cache-Control: no-cache, no-store, max-age=0, must-revalidate
2 < Pragma: no-cache
2 < Expires: 0
2 < X-Frame-Options: DENY
2 < Content-Type: application/json
2 < Transfer-Encoding: chunked
2 < Date: Sun, 19 Apr 2026 08:52:14 GMT
2 < Keep-Alive: timeout=60
2 < Connection: keep-alive
{"message":"Failed to update Entry [jobId=2914, jobTitle=Software Engg - 3, jobDescription=To develop andriod application and Web Application, experience=[Ljava.lang.Object;@11e84a1b, project=[[projectName=Movie App, technology=[Kotlin, SQL Lite, Gradle, Jenkins]], [projectName=Movie App, technology=[Kotlin, SQL Lite, Gradle, Jenkins]]]]"}

14:22:15.030 [main] INFO  com.intuit.karate - karate.env system property was: null 
14:22:15.039 [main] DEBUG com.intuit.karate - request:
1 > PUT http://localhost:9897/normal/webapi/update
1 > Accept: application/json
1 > Content-Type: application/json; charset=UTF-8
1 > Content-Length: 343
1 > Host: localhost:9897
1 > Connection: Keep-Alive
1 > User-Agent: Apache-HttpClient/4.5.14 (Java/21.0.10)
1 > Accept-Encoding: gzip,deflate
{"jobId":5,"jobTitle":"Software Engg - 3","jobDescription":"To develop andriod application and Web Application","experience":["Google","Apple","Mobile Iron","Google"],"project":[{"projectName":"Movie App","technology":["Kotlin","SQL Lite","Gradle","Jenkins"]},{"projectName":"Movie App","technology":["Kotlin","SQL Lite","Gradle","Jenkins"]}]}

14:22:15.047 [main] DEBUG com.intuit.karate - response time in milliseconds: 7
1 < 200
1 < X-Content-Type-Options: nosniff
1 < X-XSS-Protection: 1; mode=block
1 < Cache-Control: no-cache, no-store, max-age=0, must-revalidate
1 < Pragma: no-cache
1 < Expires: 0
1 < X-Frame-Options: DENY
1 < Content-Type: application/json
1 < Transfer-Encoding: chunked
1 < Date: Sun, 19 Apr 2026 08:52:14 GMT
1 < Keep-Alive: timeout=60
1 < Connection: keep-alive
{"jobId":5,"jobTitle":"Software Engg - 3","jobDescription":"To develop andriod application and Web Application","experience":["Google","Apple","Mobile Iron","Google"],"project":[{"projectName":"Movie App","technology":["Kotlin","SQL Lite","Gradle","Jenkins"]},{"projectName":"Movie App","technology":["Kotlin","SQL Lite","Gradle","Jenkins"]}]}

14:22:15.049 [main] INFO  com.intuit.karate - [print] [
  [
    {
      "projectName": "Movie App",
      "technology": [
        "Kotlin",
        "SQL Lite",
        "Gradle",
        "Jenkins"
      ]
    },
    {
      "projectName": "Movie App",
      "technology": [
        "Kotlin",
        "SQL Lite",
        "Gradle",
        "Jenkins"
      ]
    }
  ]
]
 
14:22:15.055 [main] INFO  com.intuit.karate - karate.env system property was: null 
14:22:15.059 [main] INFO  c.intuit.karate.core.FeatureRuntime - classpath:com/api/automation/postRequest/featurefiles/createJobEntry.feature - call by tag at line 55: sharedcontext
14:22:15.066 [main] DEBUG com.intuit.karate - request:
1 > POST http://localhost:9897/normal/webapi/add
1 > Accept: application/json
1 > Content-Type: application/json; charset=UTF-8
1 > Content-Length: 242
1 > Host: localhost:9897
1 > Connection: Keep-Alive
1 > User-Agent: Apache-HttpClient/4.5.14 (Java/21.0.10)
1 > Accept-Encoding: gzip,deflate
{"jobId":48,"jobTitle":"Software Engg - 2","jobDescription":"To develop andriod application","experience":["Google","Apple","Mobile Iron","Google"],"project":[{"projectName":"Movie App","technology":["Kotlin","SQL Lite","Gradle","Jenkins"]}]}

14:22:15.073 [main] DEBUG com.intuit.karate - response time in milliseconds: 7
1 < 201
1 < X-Content-Type-Options: nosniff
1 < X-XSS-Protection: 1; mode=block
1 < Cache-Control: no-cache, no-store, max-age=0, must-revalidate
1 < Pragma: no-cache
1 < Expires: 0
1 < X-Frame-Options: DENY
1 < Content-Type: application/json
1 < Transfer-Encoding: chunked
1 < Date: Sun, 19 Apr 2026 08:52:14 GMT
1 < Keep-Alive: timeout=60
1 < Connection: keep-alive
{"jobId":48,"jobTitle":"Software Engg - 2","jobDescription":"To develop andriod application","experience":["Google","Apple","Mobile Iron","Google"],"project":[{"projectName":"Movie App","technology":["Kotlin","SQL Lite","Gradle","Jenkins"]}]}

14:22:15.074 [main] INFO  com.intuit.karate - [print] {
  "jobId": 48,
  "jobTitle": "Software Engg - 2",
  "jobDescription": "To develop andriod application",
  "experience": [
    "Google",
    "Apple",
    "Mobile Iron",
    "Google"
  ],
  "project": [
    {
      "projectName": "Movie App",
      "technology": [
        "Kotlin",
        "SQL Lite",
        "Gradle",
        "Jenkins"
      ]
    }
  ]
}
 
14:22:15.083 [main] INFO  com.intuit.karate - [print] Calling Feature == >  48 
14:22:15.086 [main] DEBUG com.intuit.karate - request:
1 > PUT http://localhost:9897/normal/webapi/update
1 > Accept: application/json
1 > Content-Type: application/json; charset=UTF-8
1 > Content-Length: 344
1 > Host: localhost:9897
1 > Connection: Keep-Alive
1 > User-Agent: Apache-HttpClient/4.5.14 (Java/21.0.10)
1 > Accept-Encoding: gzip,deflate
{"jobId":48,"jobTitle":"Software Engg - 3","jobDescription":"To develop andriod application and Web Application","experience":["Google","Apple","Mobile Iron","Google"],"project":[{"projectName":"Movie App","technology":["Kotlin","SQL Lite","Gradle","Jenkins"]},{"projectName":"Movie App","technology":["Kotlin","SQL Lite","Gradle","Jenkins"]}]}

14:22:15.092 [main] DEBUG com.intuit.karate - response time in milliseconds: 6
1 < 200
1 < X-Content-Type-Options: nosniff
1 < X-XSS-Protection: 1; mode=block
1 < Cache-Control: no-cache, no-store, max-age=0, must-revalidate
1 < Pragma: no-cache
1 < Expires: 0
1 < X-Frame-Options: DENY
1 < Content-Type: application/json
1 < Transfer-Encoding: chunked
1 < Date: Sun, 19 Apr 2026 08:52:14 GMT
1 < Keep-Alive: timeout=60
1 < Connection: keep-alive
{"jobId":48,"jobTitle":"Software Engg - 3","jobDescription":"To develop andriod application and Web Application","experience":["Google","Apple","Mobile Iron","Google"],"project":[{"projectName":"Movie App","technology":["Kotlin","SQL Lite","Gradle","Jenkins"]},{"projectName":"Movie App","technology":["Kotlin","SQL Lite","Gradle","Jenkins"]}]}

14:22:15.096 [main] INFO  com.intuit.karate - [print] [
  [
    {
      "projectName": "Movie App",
      "technology": [
        "Kotlin",
        "SQL Lite",
        "Gradle",
        "Jenkins"
      ]
    },
    {
      "projectName": "Movie App",
      "technology": [
        "Kotlin",
        "SQL Lite",
        "Gradle",
        "Jenkins"
      ]
    }
  ]
]
 
14:22:15.103 [main] INFO  com.intuit.karate - karate.env system property was: null 
14:22:15.106 [main] INFO  com.intuit.karate - [print] Calling Feature == >  63 
14:22:15.113 [main] INFO  com.intuit.karate - [print] Calling Feature == >  {
}
 
14:22:15.116 [main] DEBUG com.intuit.karate - request:
1 > PUT http://localhost:9897/normal/webapi/update
1 > Accept: application/json
1 > Content-Type: application/json; charset=UTF-8
1 > Content-Length: 345
1 > Host: localhost:9897
1 > Connection: Keep-Alive
1 > User-Agent: Apache-HttpClient/4.5.14 (Java/21.0.10)
1 > Accept-Encoding: gzip,deflate
{"jobId":63,"jobTitle":"Software Engg - 3","jobDescription":"To develop andriod application and Web Application","experience":["Google","Apple","Mobile Iron","Google1"],"project":[{"projectName":"Movie App","technology":["Kotlin","SQL Lite","Gradle","Jenkins"]},{"projectName":"Movie App","technology":["Kotlin","SQL Lite","Gradle","Jenkins"]}]}

14:22:15.124 [main] DEBUG com.intuit.karate - response time in milliseconds: 7
1 < 404
1 < X-Content-Type-Options: nosniff
1 < X-XSS-Protection: 1; mode=block
1 < Cache-Control: no-cache, no-store, max-age=0, must-revalidate
1 < Pragma: no-cache
1 < Expires: 0
1 < X-Frame-Options: DENY
1 < Content-Type: application/json
1 < Transfer-Encoding: chunked
1 < Date: Sun, 19 Apr 2026 08:52:14 GMT
1 < Keep-Alive: timeout=60
1 < Connection: keep-alive
{"message":"Failed to update Entry [jobId=63, jobTitle=Software Engg - 3, jobDescription=To develop andriod application and Web Application, experience=[Ljava.lang.Object;@2ada1fc6, project=[[projectName=Movie App, technology=[Kotlin, SQL Lite, Gradle, Jenkins]], [projectName=Movie App, technology=[Kotlin, SQL Lite, Gradle, Jenkins]]]]"}

14:22:15.125 [main] ERROR com.intuit.karate - classpath:com/api/automation/putrequest/featurefiles/updateJobEntry.feature:259
Then status 200
status code was: 404, expected: 200, response time in milliseconds: 7, url: http://localhost:9897/normal/webapi/update, response: 
{"message":"Failed to update Entry [jobId=63, jobTitle=Software Engg - 3, jobDescription=To develop andriod application and Web Application, experience=[Ljava.lang.Object;@2ada1fc6, project=[[projectName=Movie App, technology=[Kotlin, SQL Lite, Gradle, Jenkins]], [projectName=Movie App, technology=[Kotlin, SQL Lite, Gradle, Jenkins]]]]"}
classpath:com/api/automation/putrequest/featurefiles/updateJobEntry.feature:259
---------------------------------------------------------
feature: classpath:com/api/automation/putrequest/featurefiles/updateJobEntry.feature
scenarios:  5 | passed:  4 | failed:  1 | time: 0.1388
---------------------------------------------------------

14:22:15.223 [main] INFO  com.intuit.karate.Suite - <<fail>> feature 14 of 14 (0 remaining) classpath:com/api/automation/putrequest/featurefiles/updateJobEntry.feature
14:22:15.224 [main] DEBUG com.intuit.karate.Suite - waiting for 14 features to complete
Karate version: 1.4.1
======================================================
elapsed:   2.25 | threads:    1 | thread time: 0.77 
features:    14 | skipped:    0 | efficiency: 0.34
scenarios:   45 | passed:    44 | failed: 1
======================================================
>>> failed features:
status code was: 404, expected: 200, response time in milliseconds: 7, url: http://localhost:9897/normal/webapi/update, response: 
{"message":"Failed to update Entry [jobId=63, jobTitle=Software Engg - 3, jobDescription=To develop andriod application and Web Application, experience=[Ljava.lang.Object;@2ada1fc6, project=[[projectName=Movie App, technology=[Kotlin, SQL Lite, Gradle, Jenkins]], [projectName=Movie App, technology=[Kotlin, SQL Lite, Gradle, Jenkins]]]]"}
classpath:com/api/automation/putrequest/featurefiles/updateJobEntry.feature:259
<<<

HTML report: (paste into browser to view) | Karate version: 1.4.1
file:///C:/Personal/Education/VisualStudio_Workspace/KarfateAPITestFramework/karateframeworkdemo/target/karate-reports-retry/karate-summary.html
===================================================================

14:22:15.665 [main] INFO  c.a.a.ParalleRunnerWithExtentReport - Generating Extent Report - Title: 'Karate Test Execution Report - Retry', ReportDir: 'target/karate-reports-retry'
14:22:15.967 [main] INFO  c.a.a.ParalleRunnerWithExtentReport - Extent Report generation completed successfully.
14:22:15.967 [main] ERROR c.a.a.ParalleRunnerWithExtentReport - Retry also failed with 1 failure(s). Error: status code was: 404, expected: 200, response time in milliseconds: 7, url: http://localhost:9897/normal/webapi/update, response: 
{"message":"Failed to update Entry [jobId=63, jobTitle=Software Engg - 3, jobDescription=To develop andriod application and Web Application, experience=[Ljava.lang.Object;@2ada1fc6, project=[[projectName=Movie App, technology=[Kotlin, SQL Lite, Gradle, Jenkins]], [projectName=Movie App, technology=[Kotlin, SQL Lite, Gradle, Jenkins]]]]"}
classpath:com/api/automation/putrequest/featurefiles/updateJobEntry.feature:259
]]></system-out>
  </testcase>
</testsuite>