<?xml version="1.0" encoding="UTF-8"?>
<testsuite xmlns:xsi="http://www.w3.org/2001/XMLSchema-instance" xsi:noNamespaceSchemaLocation="https://maven.apache.org/surefire/maven-surefire-plugin/xsd/surefire-test-report-3.0.xsd" version="3.0" name="getRequest.runner.ParallelRunnerTest" time="6.912" tests="1" errors="0" skipped="0" failures="0">
  <properties>
[...]
</properties>
  <testcase name="testParallel" classname="getRequest.runner.ParallelRunnerTest" time="6.887">
    <system-out><![CDATA[11:39:06.847 [main] DEBUG com.intuit.karate.Suite - [config] classpath:karate-config.js
11:39:08.201 [main] INFO  com.intuit.karate - karate.env system property was: null 
11:39:08.618 [main] DEBUG com.intuit.karate - request:
1 > GET http://localhost:9897/normal/webapi/all
1 > Accept: application/json
1 > Host: localhost:9897
1 > Connection: Keep-Alive
1 > User-Agent: Apache-HttpClient/4.5.14 (Java/21.0.10)
1 > Accept-Encoding: gzip,deflate


11:39:08.708 [main] DEBUG com.intuit.karate - response time in milliseconds: 86
1 < 200
1 < X-Content-Type-Options: nosniff
1 < X-XSS-Protection: 1; mode=block
1 < Cache-Control: no-cache, no-store, max-age=0, must-revalidate
1 < Pragma: no-cache
1 < Expires: 0
1 < X-Frame-Options: DENY
1 < Content-Type: application/json
1 < Transfer-Encoding: chunked
1 < Date: Wed, 15 Apr 2026 06:09:08 GMT
1 < Keep-Alive: timeout=60
1 < Connection: keep-alive
[{"jobId":1,"jobTitle":"Software Engg","jobDescription":"To develop andriod application","experience":["Google","Apple","Mobile Iron"],"project":[{"projectName":"Movie App","technology":["Kotlin","SQL Lite","Gradle"]}]}]

11:39:08.753 [main] INFO  com.intuit.karate - [print] [
  {
    "jobId": 1,
    "jobTitle": "Software Engg",
    "jobDescription": "To develop andriod application",
    "experience": [
      "Google",
      "Apple",
      "Mobile Iron"
    ],
    "project": [
      {
        "projectName": "Movie App",
        "technology": [
          "Kotlin",
          "SQL Lite",
          "Gradle"
        ]
      }
    ]
  }
]
 
11:39:08.809 [main] INFO  com.intuit.karate - karate.env system property was: null 
11:39:08.814 [main] DEBUG com.intuit.karate - request:
1 > GET http://localhost:9897/normal/webapi/all
1 > Accept: application/xml
1 > Host: localhost:9897
1 > Connection: Keep-Alive
1 > User-Agent: Apache-HttpClient/4.5.14 (Java/21.0.10)
1 > Accept-Encoding: gzip,deflate


11:39:08.864 [main] DEBUG com.intuit.karate - response time in milliseconds: 49
1 < 200
1 < X-Content-Type-Options: nosniff
1 < X-XSS-Protection: 1; mode=block
1 < Cache-Control: no-cache, no-store, max-age=0, must-revalidate
1 < Pragma: no-cache
1 < Expires: 0
1 < X-Frame-Options: DENY
1 < Content-Type: application/xml
1 < Transfer-Encoding: chunked
1 < Date: Wed, 15 Apr 2026 06:09:08 GMT
1 < Keep-Alive: timeout=60
1 < Connection: keep-alive
<List><item><jobId>1</jobId><jobTitle>Software Engg</jobTitle><jobDescription>To develop andriod application</jobDescription><experience><experience>Google</experience><experience>Apple</experience><experience>Mobile Iron</experience></experience><project><project><projectName>Movie App</projectName><technology><technology>Kotlin</technology><technology>SQL Lite</technology><technology>Gradle</technology></technology></project></project></item></List>

11:39:08.877 [main] INFO  com.intuit.karate - [print] <List>
  <item>
    <jobId>1</jobId>
    <jobTitle>Software Engg</jobTitle>
    <jobDescription>To develop andriod application</jobDescription>
    <experience>
      <experience>Google</experience>
      <experience>Apple</experience>
      <experience>Mobile Iron</experience>
    </experience>
    <project>
      <project>
        <projectName>Movie App</projectName>
        <technology>
          <technology>Kotlin</technology>
          <technology>SQL Lite</technology>
          <technology>Gradle</technology>
        </technology>
      </project>
    </project>
  </item>
</List>
 
11:39:08.980 [main] INFO  com.intuit.karate - karate.env system property was: null 
11:39:08.985 [main] DEBUG com.intuit.karate - request:
1 > GET http://localhost:9897/normal/webapi/all
1 > Accept: application/json
1 > Host: localhost:9897
1 > Connection: Keep-Alive
1 > User-Agent: Apache-HttpClient/4.5.14 (Java/21.0.10)
1 > Accept-Encoding: gzip,deflate


11:39:09.017 [main] DEBUG com.intuit.karate - response time in milliseconds: 32
1 < 200
1 < X-Content-Type-Options: nosniff
1 < X-XSS-Protection: 1; mode=block
1 < Cache-Control: no-cache, no-store, max-age=0, must-revalidate
1 < Pragma: no-cache
1 < Expires: 0
1 < X-Frame-Options: DENY
1 < Content-Type: application/json
1 < Transfer-Encoding: chunked
1 < Date: Wed, 15 Apr 2026 06:09:08 GMT
1 < Keep-Alive: timeout=60
1 < Connection: keep-alive
[{"jobId":1,"jobTitle":"Software Engg","jobDescription":"To develop andriod application","experience":["Google","Apple","Mobile Iron"],"project":[{"projectName":"Movie App","technology":["Kotlin","SQL Lite","Gradle"]}]}]

11:39:09.019 [main] INFO  com.intuit.karate - [print] [
  {
    "jobId": 1,
    "jobTitle": "Software Engg",
    "jobDescription": "To develop andriod application",
    "experience": [
      "Google",
      "Apple",
      "Mobile Iron"
    ],
    "project": [
      {
        "projectName": "Movie App",
        "technology": [
          "Kotlin",
          "SQL Lite",
          "Gradle"
        ]
      }
    ]
  }
]
 
11:39:09.031 [main] INFO  com.intuit.karate - karate.env system property was: null 
11:39:09.036 [main] DEBUG com.intuit.karate - request:
1 > GET http://localhost:9897/normal/webapi/all
1 > Accept: application/json
1 > Host: localhost:9897
1 > Connection: Keep-Alive
1 > User-Agent: Apache-HttpClient/4.5.14 (Java/21.0.10)
1 > Accept-Encoding: gzip,deflate


11:39:09.066 [main] DEBUG com.intuit.karate - response time in milliseconds: 30
1 < 200
1 < X-Content-Type-Options: nosniff
1 < X-XSS-Protection: 1; mode=block
1 < Cache-Control: no-cache, no-store, max-age=0, must-revalidate
1 < Pragma: no-cache
1 < Expires: 0
1 < X-Frame-Options: DENY
1 < Content-Type: application/json
1 < Transfer-Encoding: chunked
1 < Date: Wed, 15 Apr 2026 06:09:08 GMT
1 < Keep-Alive: timeout=60
1 < Connection: keep-alive
[{"jobId":1,"jobTitle":"Software Engg","jobDescription":"To develop andriod application","experience":["Google","Apple","Mobile Iron"],"project":[{"projectName":"Movie App","technology":["Kotlin","SQL Lite","Gradle"]}]}]

11:39:09.069 [main] INFO  com.intuit.karate - [print] [
  {
    "jobId": 1,
    "jobTitle": "Software Engg",
    "jobDescription": "To develop andriod application",
    "experience": [
      "Google",
      "Apple",
      "Mobile Iron"
    ],
    "project": [
      {
        "projectName": "Movie App",
        "technology": [
          "Kotlin",
          "SQL Lite",
          "Gradle"
        ]
      }
    ]
  }
]
 
---------------------------------------------------------
feature: classpath:getRequest/featurefiles/responseMatcher.feature
scenarios:  4 | passed:  4 | failed:  0 | time: 0.7827
---------------------------------------------------------

11:39:10.000 [main] INFO  com.intuit.karate.Suite - <<pass>> feature 1 of 9 (0 remaining) classpath:getRequest/featurefiles/responseMatcher.feature
11:39:10.014 [main] INFO  com.intuit.karate - karate.env system property was: null 
11:39:10.018 [main] DEBUG com.intuit.karate - request:
1 > GET http://localhost:9897/normal/webapi/all
1 > Accept: application/json
1 > Host: localhost:9897
1 > Connection: Keep-Alive
1 > User-Agent: Apache-HttpClient/4.5.14 (Java/21.0.10)
1 > Accept-Encoding: gzip,deflate


11:39:10.029 [main] DEBUG com.intuit.karate - response time in milliseconds: 10
1 < 200
1 < X-Content-Type-Options: nosniff
1 < X-XSS-Protection: 1; mode=block
1 < Cache-Control: no-cache, no-store, max-age=0, must-revalidate
1 < Pragma: no-cache
1 < Expires: 0
1 < X-Frame-Options: DENY
1 < Content-Type: application/json
1 < Transfer-Encoding: chunked
1 < Date: Wed, 15 Apr 2026 06:09:10 GMT
1 < Keep-Alive: timeout=60
1 < Connection: keep-alive
[{"jobId":1,"jobTitle":"Software Engg","jobDescription":"To develop andriod application","experience":["Google","Apple","Mobile Iron"],"project":[{"projectName":"Movie App","technology":["Kotlin","SQL Lite","Gradle"]}]}]

11:39:10.049 [main] INFO  com.intuit.karate - karate.env system property was: null 
11:39:10.053 [main] DEBUG com.intuit.karate - request:
1 > GET http://localhost:9897/normal/webapi/all
1 > Accept: application/json
1 > Host: localhost:9897
1 > Connection: Keep-Alive
1 > User-Agent: Apache-HttpClient/4.5.14 (Java/21.0.10)
1 > Accept-Encoding: gzip,deflate


11:39:10.064 [main] DEBUG com.intuit.karate - response time in milliseconds: 10
1 < 200
1 < X-Content-Type-Options: nosniff
1 < X-XSS-Protection: 1; mode=block
1 < Cache-Control: no-cache, no-store, max-age=0, must-revalidate
1 < Pragma: no-cache
1 < Expires: 0
1 < X-Frame-Options: DENY
1 < Content-Type: application/json
1 < Transfer-Encoding: chunked
1 < Date: Wed, 15 Apr 2026 06:09:10 GMT
1 < Keep-Alive: timeout=60
1 < Connection: keep-alive
[{"jobId":1,"jobTitle":"Software Engg","jobDescription":"To develop andriod application","experience":["Google","Apple","Mobile Iron"],"project":[{"projectName":"Movie App","technology":["Kotlin","SQL Lite","Gradle"]}]}]

---------------------------------------------------------
feature: classpath:getRequest/featurefiles/validateJSONArray.feature
scenarios:  2 | passed:  2 | failed:  0 | time: 0.0681
---------------------------------------------------------

11:39:10.258 [main] INFO  com.intuit.karate.Suite - <<pass>> feature 2 of 9 (0 remaining) classpath:getRequest/featurefiles/validateJSONArray.feature
11:39:10.265 [main] INFO  com.intuit.karate - karate.env system property was: null 
11:39:10.269 [main] DEBUG com.intuit.karate - request:
1 > GET http://localhost:9897/normal/webapi/all
1 > Accept: application/xml
1 > Host: localhost:9897
1 > Connection: Keep-Alive
1 > User-Agent: Apache-HttpClient/4.5.14 (Java/21.0.10)
1 > Accept-Encoding: gzip,deflate


11:39:10.277 [main] DEBUG com.intuit.karate - response time in milliseconds: 7
1 < 200
1 < X-Content-Type-Options: nosniff
1 < X-XSS-Protection: 1; mode=block
1 < Cache-Control: no-cache, no-store, max-age=0, must-revalidate
1 < Pragma: no-cache
1 < Expires: 0
1 < X-Frame-Options: DENY
1 < Content-Type: application/xml
1 < Transfer-Encoding: chunked
1 < Date: Wed, 15 Apr 2026 06:09:10 GMT
1 < Keep-Alive: timeout=60
1 < Connection: keep-alive
<List><item><jobId>1</jobId><jobTitle>Software Engg</jobTitle><jobDescription>To develop andriod application</jobDescription><experience><experience>Google</experience><experience>Apple</experience><experience>Mobile Iron</experience></experience><project><project><projectName>Movie App</projectName><technology><technology>Kotlin</technology><technology>SQL Lite</technology><technology>Gradle</technology></technology></project></project></item></List>

11:39:10.293 [main] INFO  com.intuit.karate - karate.env system property was: null 
11:39:10.296 [main] DEBUG com.intuit.karate - request:
1 > GET http://localhost:9897/normal/webapi/all
1 > Accept: application/xml
1 > Host: localhost:9897
1 > Connection: Keep-Alive
1 > User-Agent: Apache-HttpClient/4.5.14 (Java/21.0.10)
1 > Accept-Encoding: gzip,deflate


11:39:10.303 [main] DEBUG com.intuit.karate - response time in milliseconds: 7
1 < 200
1 < X-Content-Type-Options: nosniff
1 < X-XSS-Protection: 1; mode=block
1 < Cache-Control: no-cache, no-store, max-age=0, must-revalidate
1 < Pragma: no-cache
1 < Expires: 0
1 < X-Frame-Options: DENY
1 < Content-Type: application/xml
1 < Transfer-Encoding: chunked
1 < Date: Wed, 15 Apr 2026 06:09:10 GMT
1 < Keep-Alive: timeout=60
1 < Connection: keep-alive
<List><item><jobId>1</jobId><jobTitle>Software Engg</jobTitle><jobDescription>To develop andriod application</jobDescription><experience><experience>Google</experience><experience>Apple</experience><experience>Mobile Iron</experience></experience><project><project><projectName>Movie App</projectName><technology><technology>Kotlin</technology><technology>SQL Lite</technology><technology>Gradle</technology></technology></project></project></item></List>

---------------------------------------------------------
feature: classpath:getRequest/featurefiles/validateXMLResponse.feature
scenarios:  2 | passed:  2 | failed:  0 | time: 0.0423
---------------------------------------------------------

11:39:10.450 [main] INFO  com.intuit.karate.Suite - <<pass>> feature 3 of 9 (0 remaining) classpath:getRequest/featurefiles/validateXMLResponse.feature
11:39:10.462 [main] INFO  com.intuit.karate - karate.env system property was: null 
11:39:10.468 [main] INFO  com.intuit.karate - [print] Int Variable ==>  10 
11:39:10.470 [main] INFO  com.intuit.karate - [print] String Variable ==>  Karate 
11:39:10.472 [main] INFO  com.intuit.karate - [print] New Variable ==>  20 
11:39:10.473 [main] INFO  com.intuit.karate - [print] BackGroud Section Variabel ==>  Google 20 
11:39:10.477 [main] INFO  com.intuit.karate - karate.env system property was: null 
11:39:10.480 [main] INFO  com.intuit.karate - [print] Previous Scenario ==>  1 
11:39:10.482 [main] INFO  com.intuit.karate - [print] Previous Scenario ==>  New 
11:39:10.482 [main] INFO  com.intuit.karate - [print] Previous Scenario ==>  91 
11:39:10.483 [main] INFO  com.intuit.karate - [print] BackGroud Section Variabel ==>  Google 20 
---------------------------------------------------------
feature: classpath:getRequest/featurefiles/Variables.feature
scenarios:  2 | passed:  2 | failed:  0 | time: 0.0138
---------------------------------------------------------

11:39:10.576 [main] INFO  com.intuit.karate.Suite - <<pass>> feature 4 of 9 (0 remaining) classpath:getRequest/featurefiles/Variables.feature
11:39:10.583 [main] INFO  com.intuit.karate - karate.env system property was: null 
11:39:10.587 [main] DEBUG com.intuit.karate - request:
1 > GET http://localhost:9897/normal/webapi/all
1 > Accept: application/json
1 > Host: localhost:9897
1 > Connection: Keep-Alive
1 > User-Agent: Apache-HttpClient/4.5.14 (Java/21.0.10)
1 > Accept-Encoding: gzip,deflate


11:39:10.594 [main] DEBUG com.intuit.karate - response time in milliseconds: 6
1 < 200
1 < X-Content-Type-Options: nosniff
1 < X-XSS-Protection: 1; mode=block
1 < Cache-Control: no-cache, no-store, max-age=0, must-revalidate
1 < Pragma: no-cache
1 < Expires: 0
1 < X-Frame-Options: DENY
1 < Content-Type: application/json
1 < Transfer-Encoding: chunked
1 < Date: Wed, 15 Apr 2026 06:09:10 GMT
1 < Keep-Alive: timeout=60
1 < Connection: keep-alive
[{"jobId":1,"jobTitle":"Software Engg","jobDescription":"To develop andriod application","experience":["Google","Apple","Mobile Iron"],"project":[{"projectName":"Movie App","technology":["Kotlin","SQL Lite","Gradle"]}]}]

11:39:10.602 [main] INFO  com.intuit.karate - [print] File ==>  [
  {
    "jobId": 1,
    "jobTitle": "Software Engg",
    "project": [
      {
        "technology": [
          "Kotlin",
          "SQL Lite",
          "Gradle"
        ],
        "projectName": "Movie App"
      }
    ],
    "jobDescription": "To develop andriod application",
    "experience": [
      "Google",
      "Apple",
      "Mobile Iron"
    ]
  }
]
 
11:39:10.608 [main] INFO  com.intuit.karate - karate.env system property was: null 
11:39:10.612 [main] DEBUG com.intuit.karate - request:
1 > GET http://localhost:9897/normal/webapi/all
1 > Accept: application/xml
1 > Host: localhost:9897
1 > Connection: Keep-Alive
1 > User-Agent: Apache-HttpClient/4.5.14 (Java/21.0.10)
1 > Accept-Encoding: gzip,deflate


11:39:10.619 [main] DEBUG com.intuit.karate - response time in milliseconds: 6
1 < 200
1 < X-Content-Type-Options: nosniff
1 < X-XSS-Protection: 1; mode=block
1 < Cache-Control: no-cache, no-store, max-age=0, must-revalidate
1 < Pragma: no-cache
1 < Expires: 0
1 < X-Frame-Options: DENY
1 < Content-Type: application/xml
1 < Transfer-Encoding: chunked
1 < Date: Wed, 15 Apr 2026 06:09:10 GMT
1 < Keep-Alive: timeout=60
1 < Connection: keep-alive
<List><item><jobId>1</jobId><jobTitle>Software Engg</jobTitle><jobDescription>To develop andriod application</jobDescription><experience><experience>Google</experience><experience>Apple</experience><experience>Mobile Iron</experience></experience><project><project><projectName>Movie App</projectName><technology><technology>Kotlin</technology><technology>SQL Lite</technology><technology>Gradle</technology></technology></project></project></item></List>

11:39:10.670 [main] INFO  com.intuit.karate - [print] Xml Response ==>  <List>
  <item>
    <jobId>1</jobId>
    <jobTitle>Software Engg</jobTitle>
    <jobDescription>To develop andriod application</jobDescription>
    <experience>
      <experience>Google</experience>
      <experience>Apple</experience>
      <experience>Mobile Iron</experience>
    </experience>
    <project>
      <project>
        <projectName>Movie App</projectName>
        <technology>
          <technology>Kotlin</technology>
          <technology>SQL Lite</technology>
          <technology>Gradle</technology>
        </technology>
      </project>
    </project>
  </item>
</List>
 
---------------------------------------------------------
feature: classpath:getRequest/featurefiles/ValidationUsingFile.feature
scenarios:  2 | passed:  2 | failed:  0 | time: 0.0850
---------------------------------------------------------

11:39:10.743 [main] INFO  com.intuit.karate.Suite - <<pass>> feature 5 of 9 (0 remaining) classpath:getRequest/featurefiles/ValidationUsingFile.feature
11:39:10.750 [main] INFO  com.intuit.karate - karate.env system property was: null 
11:39:10.753 [main] INFO  com.intuit.karate - [print] Function Value =>  10 
11:39:10.762 [main] INFO  com.intuit.karate - [print] Function Value =>  71 
11:39:10.765 [main] INFO  com.intuit.karate - [print] Function Value =>  Hello World 
---------------------------------------------------------
feature: classpath:postRequest/featurefiles/javaScriptExecutor.feature
scenarios:  1 | passed:  1 | failed:  0 | time: 0.0138
---------------------------------------------------------

11:39:10.790 [main] INFO  com.intuit.karate.Suite - <<pass>> feature 6 of 9 (0 remaining) classpath:postRequest/featurefiles/javaScriptExecutor.feature
11:39:10.794 [main] INFO  com.intuit.karate - karate.env system property was: null 
11:39:10.796 [main] DEBUG com.intuit.karate - request:
1 > GET http://localhost:9897/normal/webapi/all
1 > Host: localhost:9897
1 > Connection: Keep-Alive
1 > User-Agent: Apache-HttpClient/4.5.14 (Java/21.0.10)
1 > Accept-Encoding: gzip,deflate


11:39:10.802 [main] DEBUG com.intuit.karate - response time in milliseconds: 3
1 < 200
1 < X-Content-Type-Options: nosniff
1 < X-XSS-Protection: 1; mode=block
1 < Cache-Control: no-cache, no-store, max-age=0, must-revalidate
1 < Pragma: no-cache
1 < Expires: 0
1 < X-Frame-Options: DENY
1 < Content-Type: application/json
1 < Transfer-Encoding: chunked
1 < Date: Wed, 15 Apr 2026 06:09:10 GMT
1 < Keep-Alive: timeout=60
1 < Connection: keep-alive
[{"jobId":1,"jobTitle":"Software Engg","jobDescription":"To develop andriod application","experience":["Google","Apple","Mobile Iron"],"project":[{"projectName":"Movie App","technology":["Kotlin","SQL Lite","Gradle"]}]}]

11:39:10.831 [main] INFO  com.intuit.karate - [print] Job Title ==>  [
  "Software Engg"
]
 
11:39:10.833 [main] INFO  com.intuit.karate - [print] Job Description ==>  [
  "To develop andriod application"
]
 
11:39:10.833 [main] INFO  com.intuit.karate - [print] Experience ==>  [
  [
    "Google",
    "Apple",
    "Mobile Iron"
  ]
]
 
---------------------------------------------------------
feature: classpath:postRequest/featurefiles/jsonPathExpression.feature
scenarios:  1 | passed:  1 | failed:  0 | time: 0.0377
---------------------------------------------------------

11:39:10.868 [main] INFO  com.intuit.karate.Suite - <<pass>> feature 7 of 9 (0 remaining) classpath:postRequest/featurefiles/jsonPathExpression.feature
11:39:10.874 [main] INFO  com.intuit.karate - karate.env system property was: null 
11:39:10.933 [main] DEBUG com.intuit.karate - request:
1 > POST http://localhost:9897/normal/webapi/add
1 > Accept: application/json
1 > Content-Type: application/json; charset=UTF-8
1 > Content-Length: 241
1 > Host: localhost:9897
1 > Connection: Keep-Alive
1 > User-Agent: Apache-HttpClient/4.5.14 (Java/21.0.10)
1 > Accept-Encoding: gzip,deflate
{"jobId":5,"jobTitle":"Software Engg - 2","jobDescription":"To develop andriod application","experience":["Google","Apple","Mobile Iron","Google"],"project":[{"projectName":"Movie App","technology":["Kotlin","SQL Lite","Gradle","Jenkins"]}]}

11:39:11.064 [main] DEBUG com.intuit.karate - response time in milliseconds: 130
1 < 201
1 < X-Content-Type-Options: nosniff
1 < X-XSS-Protection: 1; mode=block
1 < Cache-Control: no-cache, no-store, max-age=0, must-revalidate
1 < Pragma: no-cache
1 < Expires: 0
1 < X-Frame-Options: DENY
1 < Content-Type: application/json
1 < Transfer-Encoding: chunked
1 < Date: Wed, 15 Apr 2026 06:09:11 GMT
1 < Keep-Alive: timeout=60
1 < Connection: keep-alive
{"jobId":5,"jobTitle":"Software Engg - 2","jobDescription":"To develop andriod application","experience":["Google","Apple","Mobile Iron","Google"],"project":[{"projectName":"Movie App","technology":["Kotlin","SQL Lite","Gradle","Jenkins"]}]}

11:39:11.065 [main] INFO  com.intuit.karate - [print] {
  "jobId": 5,
  "jobTitle": "Software Engg - 2",
  "jobDescription": "To develop andriod application",
  "experience": [
    "Google",
    "Apple",
    "Mobile Iron",
    "Google"
  ],
  "project": [
    {
      "projectName": "Movie App",
      "technology": [
        "Kotlin",
        "SQL Lite",
        "Gradle",
        "Jenkins"
      ]
    }
  ]
}
 
11:39:11.070 [main] INFO  com.intuit.karate - karate.env system property was: null 
11:39:11.076 [main] DEBUG com.intuit.karate - request:
1 > POST http://localhost:9897/normal/webapi/add
1 > Accept: application/json
1 > Content-Type: application/xml; charset=UTF-8
1 > Content-Length: 504
1 > Host: localhost:9897
1 > Connection: Keep-Alive
1 > User-Agent: Apache-HttpClient/4.5.14 (Java/21.0.10)
1 > Accept-Encoding: gzip,deflate
<item><jobId>7</jobId><jobTitle>Software Engg</jobTitle><jobDescription>To develop andriod application</jobDescription><experience><experience>Google</experience><experience>Apple</experience><experience>Mobile Iron</experience><experience>Subex</experience></experience><project><project><projectName>Movie App</projectName><technology><technology>Kotlin</technology><technology>SQL Lite</technology><technology>Gradle</technology><technology>Jenkins</technology></technology></project></project></item>

11:39:11.279 [main] DEBUG com.intuit.karate - response time in milliseconds: 203
1 < 201
1 < X-Content-Type-Options: nosniff
1 < X-XSS-Protection: 1; mode=block
1 < Cache-Control: no-cache, no-store, max-age=0, must-revalidate
1 < Pragma: no-cache
1 < Expires: 0
1 < X-Frame-Options: DENY
1 < Content-Type: application/json
1 < Transfer-Encoding: chunked
1 < Date: Wed, 15 Apr 2026 06:09:11 GMT
1 < Keep-Alive: timeout=60
1 < Connection: keep-alive
{"jobId":7,"jobTitle":"Software Engg","jobDescription":"To develop andriod application","experience":["Google","Apple","Mobile Iron","Subex"],"project":[{"projectName":"Movie App","technology":["Kotlin","SQL Lite","Gradle","Jenkins"]}]}

11:39:11.281 [main] INFO  com.intuit.karate - [print] {
  "jobId": 7,
  "jobTitle": "Software Engg",
  "jobDescription": "To develop andriod application",
  "experience": [
    "Google",
    "Apple",
    "Mobile Iron",
    "Subex"
  ],
  "project": [
    {
      "projectName": "Movie App",
      "technology": [
        "Kotlin",
        "SQL Lite",
        "Gradle",
        "Jenkins"
      ]
    }
  ]
}
 
11:39:11.287 [main] INFO  com.intuit.karate - karate.env system property was: null 
11:39:11.293 [main] DEBUG com.intuit.karate - request:
1 > POST http://localhost:9897/normal/webapi/add
1 > Accept: application/xml
1 > Content-Type: application/xml; charset=UTF-8
1 > Content-Length: 504
1 > Host: localhost:9897
1 > Connection: Keep-Alive
1 > User-Agent: Apache-HttpClient/4.5.14 (Java/21.0.10)
1 > Accept-Encoding: gzip,deflate
<item><jobId>7</jobId><jobTitle>Software Engg</jobTitle><jobDescription>To develop andriod application</jobDescription><experience><experience>Google</experience><experience>Apple</experience><experience>Mobile Iron</experience><experience>Subex</experience></experience><project><project><projectName>Movie App</projectName><technology><technology>Kotlin</technology><technology>SQL Lite</technology><technology>Gradle</technology><technology>Jenkins</technology></technology></project></project></item>

11:39:11.303 [main] DEBUG com.intuit.karate - response time in milliseconds: 8
1 < 201
1 < X-Content-Type-Options: nosniff
1 < X-XSS-Protection: 1; mode=block
1 < Cache-Control: no-cache, no-store, max-age=0, must-revalidate
1 < Pragma: no-cache
1 < Expires: 0
1 < X-Frame-Options: DENY
1 < Content-Type: application/xml
1 < Transfer-Encoding: chunked
1 < Date: Wed, 15 Apr 2026 06:09:11 GMT
1 < Keep-Alive: timeout=60
1 < Connection: keep-alive
<Job><jobId>7</jobId><jobTitle>Software Engg</jobTitle><jobDescription>To develop andriod application</jobDescription><experience><experience>Google</experience><experience>Apple</experience><experience>Mobile Iron</experience><experience>Subex</experience></experience><project><project><projectName>Movie App</projectName><technology><technology>Kotlin</technology><technology>SQL Lite</technology><technology>Gradle</technology><technology>Jenkins</technology></technology></project></project></Job>

11:39:11.307 [main] INFO  com.intuit.karate - [print] <Job>
  <jobId>7</jobId>
  <jobTitle>Software Engg</jobTitle>
  <jobDescription>To develop andriod application</jobDescription>
  <experience>
    <experience>Google</experience>
    <experience>Apple</experience>
    <experience>Mobile Iron</experience>
    <experience>Subex</experience>
  </experience>
  <project>
    <project>
      <projectName>Movie App</projectName>
      <technology>
        <technology>Kotlin</technology>
        <technology>SQL Lite</technology>
        <technology>Gradle</technology>
        <technology>Jenkins</technology>
      </technology>
    </project>
  </project>
</Job>
 
11:39:11.315 [main] INFO  com.intuit.karate - karate.env system property was: null 
11:39:11.323 [main] DEBUG com.intuit.karate - request:
1 > POST http://localhost:9897/normal/webapi/add
1 > Accept: application/json
1 > Content-Type: application/json; charset=UTF-8
1 > Content-Length: 241
1 > Host: localhost:9897
1 > Connection: Keep-Alive
1 > User-Agent: Apache-HttpClient/4.5.14 (Java/21.0.10)
1 > Accept-Encoding: gzip,deflate
{"jobId":5,"jobTitle":"Software Engg - 2","jobDescription":"To develop andriod application","experience":["Google","Apple","Mobile Iron","Google"],"project":[{"projectName":"Movie App","technology":["Kotlin","SQL Lite","Gradle","Jenkins"]}]}

11:39:11.333 [main] DEBUG com.intuit.karate - response time in milliseconds: 9
1 < 201
1 < X-Content-Type-Options: nosniff
1 < X-XSS-Protection: 1; mode=block
1 < Cache-Control: no-cache, no-store, max-age=0, must-revalidate
1 < Pragma: no-cache
1 < Expires: 0
1 < X-Frame-Options: DENY
1 < Content-Type: application/json
1 < Transfer-Encoding: chunked
1 < Date: Wed, 15 Apr 2026 06:09:11 GMT
1 < Keep-Alive: timeout=60
1 < Connection: keep-alive
{"jobId":5,"jobTitle":"Software Engg - 2","jobDescription":"To develop andriod application","experience":["Google","Apple","Mobile Iron","Google"],"project":[{"projectName":"Movie App","technology":["Kotlin","SQL Lite","Gradle","Jenkins"]}]}

11:39:11.337 [main] INFO  com.intuit.karate - [print] {
  "jobId": 5,
  "jobTitle": "Software Engg - 2",
  "jobDescription": "To develop andriod application",
  "experience": [
    "Google",
    "Apple",
    "Mobile Iron",
    "Google"
  ],
  "project": [
    {
      "projectName": "Movie App",
      "technology": [
        "Kotlin",
        "SQL Lite",
        "Gradle",
        "Jenkins"
      ]
    }
  ]
}
 
11:39:11.343 [main] INFO  com.intuit.karate - karate.env system property was: null 
11:39:11.350 [main] DEBUG com.intuit.karate - request:
1 > POST http://localhost:9897/normal/webapi/add
1 > Accept: application/json
1 > Content-Type: application/xml; charset=UTF-8
1 > Content-Length: 590
1 > Host: localhost:9897
1 > Connection: Keep-Alive
1 > User-Agent: Apache-HttpClient/4.5.14 (Java/21.0.10)
1 > Accept-Encoding: gzip,deflate
<item>
	<jobId>7</jobId>
	<jobTitle>Software Engg</jobTitle>
	<jobDescription>To develop andriod application</jobDescription>
	<experience>
		<experience>Google</experience>
		<experience>Apple</experience>
		<experience>Mobile Iron</experience>
		<experience>Subex</experience>
	</experience>
	<project>
		<project>
			<projectName>Movie App</projectName>
			<technology>
				<technology>Kotlin</technology>
				<technology>SQL Lite</technology>
				<technology>Gradle</technology>
				<technology>Jenkins</technology>
			</technology>
		</project>
	</project>
</item>

11:39:11.360 [main] DEBUG com.intuit.karate - response time in milliseconds: 9
1 < 201
1 < X-Content-Type-Options: nosniff
1 < X-XSS-Protection: 1; mode=block
1 < Cache-Control: no-cache, no-store, max-age=0, must-revalidate
1 < Pragma: no-cache
1 < Expires: 0
1 < X-Frame-Options: DENY
1 < Content-Type: application/json
1 < Transfer-Encoding: chunked
1 < Date: Wed, 15 Apr 2026 06:09:11 GMT
1 < Keep-Alive: timeout=60
1 < Connection: keep-alive
{"jobId":7,"jobTitle":"Software Engg","jobDescription":"To develop andriod application","experience":["Google","Apple","Mobile Iron","Subex"],"project":[{"projectName":"Movie App","technology":["Kotlin","SQL Lite","Gradle","Jenkins"]}]}

11:39:11.361 [main] INFO  com.intuit.karate - [print] {
  "jobId": 7,
  "jobTitle": "Software Engg",
  "jobDescription": "To develop andriod application",
  "experience": [
    "Google",
    "Apple",
    "Mobile Iron",
    "Subex"
  ],
  "project": [
    {
      "projectName": "Movie App",
      "technology": [
        "Kotlin",
        "SQL Lite",
        "Gradle",
        "Jenkins"
      ]
    }
  ]
}
 
11:39:11.366 [main] INFO  com.intuit.karate - karate.env system property was: null 
11:39:11.372 [main] DEBUG com.intuit.karate - request:
1 > POST http://localhost:9897/normal/webapi/add
1 > Accept: application/json
1 > Content-Type: application/json; charset=UTF-8
1 > Content-Length: 242
1 > Host: localhost:9897
1 > Connection: Keep-Alive
1 > User-Agent: Apache-HttpClient/4.5.14 (Java/21.0.10)
1 > Accept-Encoding: gzip,deflate
{"jobId":89,"jobTitle":"Software Engg - 2","jobDescription":"To develop andriod application","experience":["Google","Apple","Mobile Iron","Google"],"project":[{"projectName":"Movie App","technology":["Kotlin","SQL Lite","Gradle","Jenkins"]}]}

11:39:11.387 [main] DEBUG com.intuit.karate - response time in milliseconds: 15
1 < 201
1 < X-Content-Type-Options: nosniff
1 < X-XSS-Protection: 1; mode=block
1 < Cache-Control: no-cache, no-store, max-age=0, must-revalidate
1 < Pragma: no-cache
1 < Expires: 0
1 < X-Frame-Options: DENY
1 < Content-Type: application/json
1 < Transfer-Encoding: chunked
1 < Date: Wed, 15 Apr 2026 06:09:11 GMT
1 < Keep-Alive: timeout=60
1 < Connection: keep-alive
{"jobId":89,"jobTitle":"Software Engg - 2","jobDescription":"To develop andriod application","experience":["Google","Apple","Mobile Iron","Google"],"project":[{"projectName":"Movie App","technology":["Kotlin","SQL Lite","Gradle","Jenkins"]}]}

11:39:11.391 [main] INFO  com.intuit.karate - [print] {
  "jobId": 89,
  "jobTitle": "Software Engg - 2",
  "jobDescription": "To develop andriod application",
  "experience": [
    "Google",
    "Apple",
    "Mobile Iron",
    "Google"
  ],
  "project": [
    {
      "projectName": "Movie App",
      "technology": [
        "Kotlin",
        "SQL Lite",
        "Gradle",
        "Jenkins"
      ]
    }
  ]
}
 
11:39:11.400 [main] INFO  com.intuit.karate - karate.env system property was: null 
11:39:11.433 [main] DEBUG com.intuit.karate - request:
1 > POST http://localhost:9897/normal/webapi/add
1 > Accept: application/json
1 > Content-Type: application/xml; charset=UTF-8
1 > Content-Length: 505
1 > Host: localhost:9897
1 > Connection: Keep-Alive
1 > User-Agent: Apache-HttpClient/4.5.14 (Java/21.0.10)
1 > Accept-Encoding: gzip,deflate
<item><jobId>67</jobId><jobTitle>Software Engg</jobTitle><jobDescription>To develop andriod application</jobDescription><experience><experience>Google</experience><experience>Apple</experience><experience>Mobile Iron</experience><experience>Subex</experience></experience><project><project><projectName>Movie App</projectName><technology><technology>Kotlin</technology><technology>SQL Lite</technology><technology>Gradle</technology><technology>Jenkins</technology></technology></project></project></item>

11:39:11.447 [main] DEBUG com.intuit.karate - response time in milliseconds: 14
1 < 201
1 < X-Content-Type-Options: nosniff
1 < X-XSS-Protection: 1; mode=block
1 < Cache-Control: no-cache, no-store, max-age=0, must-revalidate
1 < Pragma: no-cache
1 < Expires: 0
1 < X-Frame-Options: DENY
1 < Content-Type: application/json
1 < Transfer-Encoding: chunked
1 < Date: Wed, 15 Apr 2026 06:09:11 GMT
1 < Keep-Alive: timeout=60
1 < Connection: keep-alive
{"jobId":67,"jobTitle":"Software Engg","jobDescription":"To develop andriod application","experience":["Google","Apple","Mobile Iron","Subex"],"project":[{"projectName":"Movie App","technology":["Kotlin","SQL Lite","Gradle","Jenkins"]}]}

11:39:11.450 [main] INFO  com.intuit.karate - [print] {
  "jobId": 67,
  "jobTitle": "Software Engg",
  "jobDescription": "To develop andriod application",
  "experience": [
    "Google",
    "Apple",
    "Mobile Iron",
    "Subex"
  ],
  "project": [
    {
      "projectName": "Movie App",
      "technology": [
        "Kotlin",
        "SQL Lite",
        "Gradle",
        "Jenkins"
      ]
    }
  ]
}
 
---------------------------------------------------------
feature: classpath:postRequest/featurefiles/createJobEntry.feature
scenarios:  7 | passed:  7 | failed:  0 | time: 0.5351
---------------------------------------------------------

11:39:11.693 [main] INFO  com.intuit.karate.Suite - <<pass>> feature 8 of 9 (0 remaining) classpath:postRequest/featurefiles/createJobEntry.feature
11:39:11.708 [main] INFO  com.intuit.karate - karate.env system property was: null 
11:39:11.713 [main] DEBUG com.intuit.karate - request:
1 > POST http://localhost:9897/normal/webapi/add
1 > Accept: application/json
1 > Content-Type: application/json; charset=UTF-8
1 > Content-Length: 241
1 > Host: localhost:9897
1 > Connection: Keep-Alive
1 > User-Agent: Apache-HttpClient/4.5.14 (Java/21.0.10)
1 > Accept-Encoding: gzip,deflate
{"jobId":5,"jobTitle":"Software Engg - 2","jobDescription":"To develop andriod application","experience":["Google","Apple","Mobile Iron","Google"],"project":[{"projectName":"Movie App","technology":["Kotlin","SQL Lite","Gradle","Jenkins"]}]}

11:39:11.719 [main] DEBUG com.intuit.karate - response time in milliseconds: 5
1 < 201
1 < X-Content-Type-Options: nosniff
1 < X-XSS-Protection: 1; mode=block
1 < Cache-Control: no-cache, no-store, max-age=0, must-revalidate
1 < Pragma: no-cache
1 < Expires: 0
1 < X-Frame-Options: DENY
1 < Content-Type: application/json
1 < Transfer-Encoding: chunked
1 < Date: Wed, 15 Apr 2026 06:09:11 GMT
1 < Keep-Alive: timeout=60
1 < Connection: keep-alive
{"jobId":5,"jobTitle":"Software Engg - 2","jobDescription":"To develop andriod application","experience":["Google","Apple","Mobile Iron","Google"],"project":[{"projectName":"Movie App","technology":["Kotlin","SQL Lite","Gradle","Jenkins"]}]}

11:39:11.725 [main] INFO  com.intuit.karate - karate.env system property was: null 
11:39:11.728 [main] DEBUG com.intuit.karate - request:
1 > GET http://localhost:9897/normal/webapi/all
1 > Accept: application/json
1 > Host: localhost:9897
1 > Connection: Keep-Alive
1 > User-Agent: Apache-HttpClient/4.5.14 (Java/21.0.10)
1 > Accept-Encoding: gzip,deflate


11:39:11.734 [main] DEBUG com.intuit.karate - response time in milliseconds: 5
1 < 200
1 < X-Content-Type-Options: nosniff
1 < X-XSS-Protection: 1; mode=block
1 < Cache-Control: no-cache, no-store, max-age=0, must-revalidate
1 < Pragma: no-cache
1 < Expires: 0
1 < X-Frame-Options: DENY
1 < Content-Type: application/json
1 < Transfer-Encoding: chunked
1 < Date: Wed, 15 Apr 2026 06:09:11 GMT
1 < Keep-Alive: timeout=60
1 < Connection: keep-alive
[{"jobId":1,"jobTitle":"Software Engg","jobDescription":"To develop andriod application","experience":["Google","Apple","Mobile Iron"],"project":[{"projectName":"Movie App","technology":["Kotlin","SQL Lite","Gradle"]}]},{"jobId":5,"jobTitle":"Software Engg - 2","jobDescription":"To develop andriod application","experience":["Google","Apple","Mobile Iron","Google"],"project":[{"projectName":"Movie App","technology":["Kotlin","SQL Lite","Gradle","Jenkins"]}]},{"jobId":7,"jobTitle":"Software Engg","jobDescription":"To develop andriod application","experience":["Google","Apple","Mobile Iron","Subex"],"project":[{"projectName":"Movie App","technology":["Kotlin","SQL Lite","Gradle","Jenkins"]}]},{"jobId":7,"jobTitle":"Software Engg","jobDescription":"To develop andriod application","experience":["Google","Apple","Mobile Iron","Subex"],"project":[{"projectName":"Movie App","technology":["Kotlin","SQL Lite","Gradle","Jenkins"]}]},{"jobId":5,"jobTitle":"Software Engg - 2","jobDescription":"To develop andriod application","experience":["Google","Apple","Mobile Iron","Google"],"project":[{"projectName":"Movie App","technology":["Kotlin","SQL Lite","Gradle","Jenkins"]}]},{"jobId":7,"jobTitle":"Software Engg","jobDescription":"To develop andriod application","experience":["Google","Apple","Mobile Iron","Subex"],"project":[{"projectName":"Movie App","technology":["Kotlin","SQL Lite","Gradle","Jenkins"]}]},{"jobId":89,"jobTitle":"Software Engg - 2","jobDescription":"To develop andriod application","experience":["Google","Apple","Mobile Iron","Google"],"project":[{"projectName":"Movie App","technology":["Kotlin","SQL Lite","Gradle","Jenkins"]}]},{"jobId":67,"jobTitle":"Software Engg","jobDescription":"To develop andriod application","experience":["Google","Apple","Mobile Iron","Subex"],"project":[{"projectName":"Movie App","technology":["Kotlin","SQL Lite","Gradle","Jenkins"]}]},{"jobId":5,"jobTitle":"Software Engg - 2","jobDescription":"To develop andriod application","experience":["Google","Apple","Mobile Iron","Google"],"project":[{"projectName":"Movie App","technology":["Kotlin","SQL Lite","Gradle","Jenkins"]}]}]

---------------------------------------------------------
feature: classpath:postRequest/featurefiles/schemaValidation.feature
scenarios:  2 | passed:  2 | failed:  0 | time: 0.0430
---------------------------------------------------------

11:39:11.799 [main] INFO  com.intuit.karate.Suite - <<pass>> feature 9 of 9 (0 remaining) classpath:postRequest/featurefiles/schemaValidation.feature
11:39:11.802 [main] DEBUG com.intuit.karate.Suite - waiting for 9 features to complete
Karate version: 1.4.1
======================================================
elapsed:   6.11 | threads:    1 | thread time: 1.62 
features:     9 | skipped:    0 | efficiency: 0.27
scenarios:   23 | passed:    23 | failed: 0
======================================================

HTML report: (paste into browser to view) | Karate version: 1.4.1
file:///C:/Personal/Education/VisualStudio_Workspace/KarfateAPITestFramework/karateframeworkdemo/target/karate-reports/karate-summary.html
===================================================================

]]></system-out>
  </testcase>
</testsuite>