<?xml version="1.0" encoding="UTF-8"?>
<testsuite xmlns:xsi="http://www.w3.org/2001/XMLSchema-instance" xsi:noNamespaceSchemaLocation="https://maven.apache.org/surefire/maven-surefire-plugin/xsd/surefire-test-report-3.0.xsd" version="3.0" name="runner.TestGetRunner" time="3.463" tests="10" errors="0" skipped="0" failures="0">
  <properties>
[...]
</properties>
  <testcase name="[1:7] To get all the data from application in JSON format" classname="getRequest/getRequest" time="0.381">
    <system-out><![CDATA[18:28:54.432 [main] DEBUG com.intuit.karate.Suite - [config] classpath:karate-config.js
18:28:55.326 [main] INFO  com.intuit.karate - karate.env system property was: null 
18:28:55.579 [main] DEBUG com.intuit.karate - request:
1 > GET http://localhost:9897/normal/webapi/all
1 > Host: localhost:9897
1 > Connection: Keep-Alive
1 > User-Agent: Apache-HttpClient/4.5.14 (Java/21.0.10)
1 > Accept-Encoding: gzip,deflate


18:28:55.616 [main] DEBUG com.intuit.karate - response time in milliseconds: 33
1 < 200
1 < X-Content-Type-Options: nosniff
1 < X-XSS-Protection: 1; mode=block
1 < Cache-Control: no-cache, no-store, max-age=0, must-revalidate
1 < Pragma: no-cache
1 < Expires: 0
1 < X-Frame-Options: DENY
1 < Content-Type: application/json
1 < Transfer-Encoding: chunked
1 < Date: Mon, 13 Apr 2026 12:58:55 GMT
1 < Keep-Alive: timeout=60
1 < Connection: keep-alive
[{"jobId":1,"jobTitle":"Software Engg","jobDescription":"To develop andriod application","experience":["Google","Apple","Mobile Iron"],"project":[{"projectName":"Movie App","technology":["Kotlin","SQL Lite","Gradle"]}]}]

]]></system-out>
  </testcase>
  <testcase name="[3:25] To get all the data from application in XML format using path variable" classname="getRequest/getRequest" time="0.534">
    <system-out><![CDATA[18:28:55.658 [main] INFO  com.intuit.karate - karate.env system property was: null 
18:28:55.664 [main] DEBUG com.intuit.karate - request:
1 > GET http://localhost:9897/normal/webapi/all
1 > Accept: application/xml
1 > Host: localhost:9897
1 > Connection: Keep-Alive
1 > User-Agent: Apache-HttpClient/4.5.14 (Java/21.0.10)
1 > Accept-Encoding: gzip,deflate


18:28:55.669 [main] DEBUG com.intuit.karate - response time in milliseconds: 5
1 < 200
1 < X-Content-Type-Options: nosniff
1 < X-XSS-Protection: 1; mode=block
1 < Cache-Control: no-cache, no-store, max-age=0, must-revalidate
1 < Pragma: no-cache
1 < Expires: 0
1 < X-Frame-Options: DENY
1 < Content-Type: application/xml
1 < Transfer-Encoding: chunked
1 < Date: Mon, 13 Apr 2026 12:58:55 GMT
1 < Keep-Alive: timeout=60
1 < Connection: keep-alive
<List><item><jobId>1</jobId><jobTitle>Software Engg</jobTitle><jobDescription>To develop andriod application</jobDescription><experience><experience>Google</experience><experience>Apple</experience><experience>Mobile Iron</experience></experience><project><project><projectName>Movie App</projectName><technology><technology>Kotlin</technology><technology>SQL Lite</technology><technology>Gradle</technology></technology></project></project></item></List>

---------------------------------------------------------
feature: classpath:getRequest/getRequest.feature
scenarios:  2 | passed:  2 | failed:  0 | time: 0.3086
---------------------------------------------------------

]]></system-out>
  </testcase>
  <testcase name="[1:7] To get the data in JSON format" classname="getRequest/responseMatcher" time="0.042">
    <system-out><![CDATA[18:28:56.190 [main] INFO  com.intuit.karate - karate.env system property was: null 
18:28:56.192 [main] DEBUG com.intuit.karate - request:
1 > GET http://localhost:9897/normal/webapi/all
1 > Accept: application/json
1 > Host: localhost:9897
1 > Connection: Keep-Alive
1 > User-Agent: Apache-HttpClient/4.5.14 (Java/21.0.10)
1 > Accept-Encoding: gzip,deflate


18:28:56.196 [main] DEBUG com.intuit.karate - response time in milliseconds: 3
1 < 200
1 < X-Content-Type-Options: nosniff
1 < X-XSS-Protection: 1; mode=block
1 < Cache-Control: no-cache, no-store, max-age=0, must-revalidate
1 < Pragma: no-cache
1 < Expires: 0
1 < X-Frame-Options: DENY
1 < Content-Type: application/json
1 < Transfer-Encoding: chunked
1 < Date: Mon, 13 Apr 2026 12:58:55 GMT
1 < Keep-Alive: timeout=60
1 < Connection: keep-alive
[{"jobId":1,"jobTitle":"Software Engg","jobDescription":"To develop andriod application","experience":["Google","Apple","Mobile Iron"],"project":[{"projectName":"Movie App","technology":["Kotlin","SQL Lite","Gradle"]}]}]

18:28:56.199 [main] INFO  com.intuit.karate - [print] [
  {
    "jobId": 1,
    "jobTitle": "Software Engg",
    "jobDescription": "To develop andriod application",
    "experience": [
      "Google",
      "Apple",
      "Mobile Iron"
    ],
    "project": [
      {
        "projectName": "Movie App",
        "technology": [
          "Kotlin",
          "SQL Lite",
          "Gradle"
        ]
      }
    ]
  }
]
 
]]></system-out>
  </testcase>
  <testcase name="[2:39] To get the data in xml format" classname="getRequest/responseMatcher" time="0.073">
    <system-out><![CDATA[18:28:56.235 [main] INFO  com.intuit.karate - karate.env system property was: null 
18:28:56.238 [main] DEBUG com.intuit.karate - request:
1 > GET http://localhost:9897/normal/webapi/all
1 > Accept: application/xml
1 > Host: localhost:9897
1 > Connection: Keep-Alive
1 > User-Agent: Apache-HttpClient/4.5.14 (Java/21.0.10)
1 > Accept-Encoding: gzip,deflate


18:28:56.242 [main] DEBUG com.intuit.karate - response time in milliseconds: 4
1 < 200
1 < X-Content-Type-Options: nosniff
1 < X-XSS-Protection: 1; mode=block
1 < Cache-Control: no-cache, no-store, max-age=0, must-revalidate
1 < Pragma: no-cache
1 < Expires: 0
1 < X-Frame-Options: DENY
1 < Content-Type: application/xml
1 < Transfer-Encoding: chunked
1 < Date: Mon, 13 Apr 2026 12:58:55 GMT
1 < Keep-Alive: timeout=60
1 < Connection: keep-alive
<List><item><jobId>1</jobId><jobTitle>Software Engg</jobTitle><jobDescription>To develop andriod application</jobDescription><experience><experience>Google</experience><experience>Apple</experience><experience>Mobile Iron</experience></experience><project><project><projectName>Movie App</projectName><technology><technology>Kotlin</technology><technology>SQL Lite</technology><technology>Gradle</technology></technology></project></project></item></List>

18:28:56.245 [main] INFO  com.intuit.karate - [print] <List>
  <item>
    <jobId>1</jobId>
    <jobTitle>Software Engg</jobTitle>
    <jobDescription>To develop andriod application</jobDescription>
    <experience>
      <experience>Google</experience>
      <experience>Apple</experience>
      <experience>Mobile Iron</experience>
    </experience>
    <project>
      <project>
        <projectName>Movie App</projectName>
        <technology>
          <technology>Kotlin</technology>
          <technology>SQL Lite</technology>
          <technology>Gradle</technology>
        </technology>
      </project>
    </project>
  </item>
</List>
 
]]></system-out>
  </testcase>
  <testcase name="[3:71] To get the data in JSON format and validate using negate condition" classname="getRequest/responseMatcher" time="0.015">
    <system-out><![CDATA[18:28:56.307 [main] INFO  com.intuit.karate - karate.env system property was: null 
18:28:56.309 [main] DEBUG com.intuit.karate - request:
1 > GET http://localhost:9897/normal/webapi/all
1 > Accept: application/json
1 > Host: localhost:9897
1 > Connection: Keep-Alive
1 > User-Agent: Apache-HttpClient/4.5.14 (Java/21.0.10)
1 > Accept-Encoding: gzip,deflate


18:28:56.314 [main] DEBUG com.intuit.karate - response time in milliseconds: 5
1 < 200
1 < X-Content-Type-Options: nosniff
1 < X-XSS-Protection: 1; mode=block
1 < Cache-Control: no-cache, no-store, max-age=0, must-revalidate
1 < Pragma: no-cache
1 < Expires: 0
1 < X-Frame-Options: DENY
1 < Content-Type: application/json
1 < Transfer-Encoding: chunked
1 < Date: Mon, 13 Apr 2026 12:58:55 GMT
1 < Keep-Alive: timeout=60
1 < Connection: keep-alive
[{"jobId":1,"jobTitle":"Software Engg","jobDescription":"To develop andriod application","experience":["Google","Apple","Mobile Iron"],"project":[{"projectName":"Movie App","technology":["Kotlin","SQL Lite","Gradle"]}]}]

18:28:56.316 [main] INFO  com.intuit.karate - [print] [
  {
    "jobId": 1,
    "jobTitle": "Software Engg",
    "jobDescription": "To develop andriod application",
    "experience": [
      "Google",
      "Apple",
      "Mobile Iron"
    ],
    "project": [
      {
        "projectName": "Movie App",
        "technology": [
          "Kotlin",
          "SQL Lite",
          "Gradle"
        ]
      }
    ]
  }
]
 
]]></system-out>
  </testcase>
  <testcase name="[4:103] To get the data in JSON format and validate a specific property" classname="getRequest/responseMatcher" time="0.117">
    <system-out><![CDATA[18:28:56.323 [main] INFO  com.intuit.karate - karate.env system property was: null 
18:28:56.325 [main] DEBUG com.intuit.karate - request:
1 > GET http://localhost:9897/normal/webapi/all
1 > Accept: application/json
1 > Host: localhost:9897
1 > Connection: Keep-Alive
1 > User-Agent: Apache-HttpClient/4.5.14 (Java/21.0.10)
1 > Accept-Encoding: gzip,deflate


18:28:56.330 [main] DEBUG com.intuit.karate - response time in milliseconds: 4
1 < 200
1 < X-Content-Type-Options: nosniff
1 < X-XSS-Protection: 1; mode=block
1 < Cache-Control: no-cache, no-store, max-age=0, must-revalidate
1 < Pragma: no-cache
1 < Expires: 0
1 < X-Frame-Options: DENY
1 < Content-Type: application/json
1 < Transfer-Encoding: chunked
1 < Date: Mon, 13 Apr 2026 12:58:55 GMT
1 < Keep-Alive: timeout=60
1 < Connection: keep-alive
[{"jobId":1,"jobTitle":"Software Engg","jobDescription":"To develop andriod application","experience":["Google","Apple","Mobile Iron"],"project":[{"projectName":"Movie App","technology":["Kotlin","SQL Lite","Gradle"]}]}]

18:28:56.332 [main] INFO  com.intuit.karate - [print] [
  {
    "jobId": 1,
    "jobTitle": "Software Engg",
    "jobDescription": "To develop andriod application",
    "experience": [
      "Google",
      "Apple",
      "Mobile Iron"
    ],
    "project": [
      {
        "projectName": "Movie App",
        "technology": [
          "Kotlin",
          "SQL Lite",
          "Gradle"
        ]
      }
    ]
  }
]
 
---------------------------------------------------------
feature: classpath:getRequest/responseMatcher.feature
scenarios:  4 | passed:  4 | failed:  0 | time: 0.1183
---------------------------------------------------------

]]></system-out>
  </testcase>
  <testcase name="[1:7] To get the data in JSON format" classname="getRequest/validateJSONArray" time="0.021">
    <system-out><![CDATA[18:28:56.442 [main] INFO  com.intuit.karate - karate.env system property was: null 
18:28:56.444 [main] DEBUG com.intuit.karate - request:
1 > GET http://localhost:9897/normal/webapi/all
1 > Accept: application/json
1 > Host: localhost:9897
1 > Connection: Keep-Alive
1 > User-Agent: Apache-HttpClient/4.5.14 (Java/21.0.10)
1 > Accept-Encoding: gzip,deflate


18:28:56.449 [main] DEBUG com.intuit.karate - response time in milliseconds: 4
1 < 200
1 < X-Content-Type-Options: nosniff
1 < X-XSS-Protection: 1; mode=block
1 < Cache-Control: no-cache, no-store, max-age=0, must-revalidate
1 < Pragma: no-cache
1 < Expires: 0
1 < X-Frame-Options: DENY
1 < Content-Type: application/json
1 < Transfer-Encoding: chunked
1 < Date: Mon, 13 Apr 2026 12:58:55 GMT
1 < Keep-Alive: timeout=60
1 < Connection: keep-alive
[{"jobId":1,"jobTitle":"Software Engg","jobDescription":"To develop andriod application","experience":["Google","Apple","Mobile Iron"],"project":[{"projectName":"Movie App","technology":["Kotlin","SQL Lite","Gradle"]}]}]

]]></system-out>
  </testcase>
  <testcase name="[2:27] To get the data in JSON format and validate using fuzzy matcher" classname="getRequest/validateJSONArray" time="0.099">
    <system-out><![CDATA[18:28:56.464 [main] INFO  com.intuit.karate - karate.env system property was: null 
18:28:56.466 [main] DEBUG com.intuit.karate - request:
1 > GET http://localhost:9897/normal/webapi/all
1 > Accept: application/json
1 > Host: localhost:9897
1 > Connection: Keep-Alive
1 > User-Agent: Apache-HttpClient/4.5.14 (Java/21.0.10)
1 > Accept-Encoding: gzip,deflate


18:28:56.470 [main] DEBUG com.intuit.karate - response time in milliseconds: 4
1 < 200
1 < X-Content-Type-Options: nosniff
1 < X-XSS-Protection: 1; mode=block
1 < Cache-Control: no-cache, no-store, max-age=0, must-revalidate
1 < Pragma: no-cache
1 < Expires: 0
1 < X-Frame-Options: DENY
1 < Content-Type: application/json
1 < Transfer-Encoding: chunked
1 < Date: Mon, 13 Apr 2026 12:58:55 GMT
1 < Keep-Alive: timeout=60
1 < Connection: keep-alive
[{"jobId":1,"jobTitle":"Software Engg","jobDescription":"To develop andriod application","experience":["Google","Apple","Mobile Iron"],"project":[{"projectName":"Movie App","technology":["Kotlin","SQL Lite","Gradle"]}]}]

---------------------------------------------------------
feature: classpath:getRequest/validateJSONArray.feature
scenarios:  2 | passed:  2 | failed:  0 | time: 0.0385
---------------------------------------------------------

]]></system-out>
  </testcase>
  <testcase name="[1:7] To get the data in XML format" classname="getRequest/validateXMLResponse" time="0.046">
    <system-out><![CDATA[18:28:56.564 [main] INFO  com.intuit.karate - karate.env system property was: null 
18:28:56.567 [main] DEBUG com.intuit.karate - request:
1 > GET http://localhost:9897/normal/webapi/all
1 > Accept: application/xml
1 > Host: localhost:9897
1 > Connection: Keep-Alive
1 > User-Agent: Apache-HttpClient/4.5.14 (Java/21.0.10)
1 > Accept-Encoding: gzip,deflate


18:28:56.571 [main] DEBUG com.intuit.karate - response time in milliseconds: 3
1 < 200
1 < X-Content-Type-Options: nosniff
1 < X-XSS-Protection: 1; mode=block
1 < Cache-Control: no-cache, no-store, max-age=0, must-revalidate
1 < Pragma: no-cache
1 < Expires: 0
1 < X-Frame-Options: DENY
1 < Content-Type: application/xml
1 < Transfer-Encoding: chunked
1 < Date: Mon, 13 Apr 2026 12:58:55 GMT
1 < Keep-Alive: timeout=60
1 < Connection: keep-alive
<List><item><jobId>1</jobId><jobTitle>Software Engg</jobTitle><jobDescription>To develop andriod application</jobDescription><experience><experience>Google</experience><experience>Apple</experience><experience>Mobile Iron</experience></experience><project><project><projectName>Movie App</projectName><technology><technology>Kotlin</technology><technology>SQL Lite</technology><technology>Gradle</technology></technology></project></project></item></List>

]]></system-out>
  </testcase>
  <testcase name="[2:22] To get the data in XML format and validate using fuzzy matcher" classname="getRequest/validateXMLResponse" time="0.302">
    <system-out><![CDATA[18:28:56.613 [main] INFO  com.intuit.karate - karate.env system property was: null 
18:28:56.615 [main] DEBUG com.intuit.karate - request:
1 > GET http://localhost:9897/normal/webapi/all
1 > Accept: application/xml
1 > Host: localhost:9897
1 > Connection: Keep-Alive
1 > User-Agent: Apache-HttpClient/4.5.14 (Java/21.0.10)
1 > Accept-Encoding: gzip,deflate


18:28:56.620 [main] DEBUG com.intuit.karate - response time in milliseconds: 4
1 < 200
1 < X-Content-Type-Options: nosniff
1 < X-XSS-Protection: 1; mode=block
1 < Cache-Control: no-cache, no-store, max-age=0, must-revalidate
1 < Pragma: no-cache
1 < Expires: 0
1 < X-Frame-Options: DENY
1 < Content-Type: application/xml
1 < Transfer-Encoding: chunked
1 < Date: Mon, 13 Apr 2026 12:58:56 GMT
1 < Keep-Alive: timeout=60
1 < Connection: keep-alive
<List><item><jobId>1</jobId><jobTitle>Software Engg</jobTitle><jobDescription>To develop andriod application</jobDescription><experience><experience>Google</experience><experience>Apple</experience><experience>Mobile Iron</experience></experience><project><project><projectName>Movie App</projectName><technology><technology>Kotlin</technology><technology>SQL Lite</technology><technology>Gradle</technology></technology></project></project></item></List>

---------------------------------------------------------
feature: classpath:getRequest/validateXMLResponse.feature
scenarios:  2 | passed:  2 | failed:  0 | time: 0.0612
---------------------------------------------------------

Karate version: 1.4.1
======================================================
elapsed:   3.00 | threads:    1 | thread time: 0.53 
features:     4 | skipped:    0 | efficiency: 0.18
scenarios:   10 | passed:    10 | failed: 0
======================================================

HTML report: (paste into browser to view) | Karate version: 1.4.1
file:///C:/Personal/Education/VisualStudio_Workspace/KarfateAPITestFramework/karateframeworkdemo/target/karate-reports/karate-summary.html
===================================================================

]]></system-out>
  </testcase>
</testsuite>